This is XeTeX, Version 3.141592653-2.6-0.999993 (TeX Live 2022/dev/Debian) (preloaded format=xelatex 2022.9.14)  6 FEB 2023 11:00
entering extended mode
 restricted \write18 enabled.
 %&-line parsing enabled.
**02_seminar_hints.tex
(./02_seminar_hints.tex
LaTeX2e <2021-11-15> patch level 1
L3 programming layer <2022-01-21> (/usr/share/texlive/texmf-dist/tex/latex/base
/report.cls
Document Class: report 2021/10/04 v1.4n Standard LaTeX document class
(/usr/share/texlive/texmf-dist/tex/latex/base/size10.clo
File: size10.clo 2021/10/04 v1.4n Standard LaTeX file (size option)
)
\c@part=\count181
\c@chapter=\count182
\c@section=\count183
\c@subsection=\count184
\c@subsubsection=\count185
\c@paragraph=\count186
\c@subparagraph=\count187
\c@figure=\count188
\c@table=\count189
\abovecaptionskip=\skip47
\belowcaptionskip=\skip48
\bibindent=\dimen138
) (/usr/share/texlive/texmf-dist/tex/latex/amsmath/amsmath.sty
Package: amsmath 2021/10/15 v2.17l AMS math features
\@mathmargin=\skip49
For additional information on amsmath, use the `?' option.
(/usr/share/texlive/texmf-dist/tex/latex/amsmath/amstext.sty
Package: amstext 2021/08/26 v2.01 AMS text
(/usr/share/texlive/texmf-dist/tex/latex/amsmath/amsgen.sty
File: amsgen.sty 1999/11/30 v2.0 generic functions
\@emptytoks=\toks16
\ex@=\dimen139
)) (/usr/share/texlive/texmf-dist/tex/latex/amsmath/amsbsy.sty
Package: amsbsy 1999/11/29 v1.2d Bold Symbols
\pmbraise@=\dimen140
) (/usr/share/texlive/texmf-dist/tex/latex/amsmath/amsopn.sty
Package: amsopn 2021/08/26 v2.02 operator names
)
\inf@bad=\count190
LaTeX Info: Redefining \frac on input line 234.
\uproot@=\count191
\leftroot@=\count192
LaTeX Info: Redefining \overline on input line 399.
\classnum@=\count193
\DOTSCASE@=\count194
LaTeX Info: Redefining \ldots on input line 496.
LaTeX Info: Redefining \dots on input line 499.
LaTeX Info: Redefining \cdots on input line 620.
\Mathstrutbox@=\box50
\strutbox@=\box51
\big@size=\dimen141
LaTeX Font Info:    Redeclaring font encoding OML on input line 743.
LaTeX Font Info:    Redeclaring font encoding OMS on input line 744.
\macc@depth=\count195
\c@MaxMatrixCols=\count196
\dotsspace@=\muskip16
\c@parentequation=\count197
\dspbrk@lvl=\count198
\tag@help=\toks17
\row@=\count199
\column@=\count266
\maxfields@=\count267
\andhelp@=\toks18
\eqnshift@=\dimen142
\alignsep@=\dimen143
\tagshift@=\dimen144
\tagwidth@=\dimen145
\totwidth@=\dimen146
\lineht@=\dimen147
\@envbody=\toks19
\multlinegap=\skip50
\multlinetaggap=\skip51
\mathdisplay@stack=\toks20
LaTeX Info: Redefining \[ on input line 2938.
LaTeX Info: Redefining \] on input line 2939.
) (/usr/share/texlive/texmf-dist/tex/latex/amsfonts/amssymb.sty
Package: amssymb 2013/01/14 v3.01 AMS font symbols
(/usr/share/texlive/texmf-dist/tex/latex/amsfonts/amsfonts.sty
Package: amsfonts 2013/01/14 v3.01 Basic AMSFonts support
\symAMSa=\mathgroup4
\symAMSb=\mathgroup5
LaTeX Font Info:    Redeclaring math symbol \hbar on input line 98.
LaTeX Font Info:    Overwriting math alphabet `\mathfrak' in version `bold'
(Font)                  U/euf/m/n --> U/euf/b/n on input line 106.
)) (/usr/share/texlive/texmf-dist/tex/latex/libertinus/libertinus.sty
Package: libertinus 2020/05/06 v. 0.02 (Herbert Voss) Supports libertinus fonts
 for pdflatex/lualatex/xelatex
(/usr/share/texlive/texmf-dist/tex/generic/iftex/iftex.sty
Package: iftex 2020/03/06 v1.0d TeX engine tests
) (/usr/share/texlive/texmf-dist/tex/latex/xkeyval/xkeyval.sty
Package: xkeyval 2020/11/20 v2.8 package option processing (HA)
(/usr/share/texlive/texmf-dist/tex/generic/xkeyval/xkeyval.tex (/usr/share/texl
ive/texmf-dist/tex/generic/xkeyval/xkvutils.tex
\XKV@toks=\toks21
\XKV@tempa@toks=\toks22
(/usr/share/texlive/texmf-dist/tex/generic/xkeyval/keyval.tex))
\XKV@depth=\count268
File: xkeyval.tex 2014/12/03 v2.7a key=value parser (HA)
)) (/usr/share/texlive/texmf-dist/tex/latex/libertinus-otf/libertinus-otf.sty
Package: libertinus-otf 2021/07/23 v. 0.29 (Herbert Voss) Supports libertinus f
onts for lualatex and xelatex.
(/usr/share/texlive/texmf-dist/tex/generic/iftex/ifxetex.sty
Package: ifxetex 2019/10/25 v0.7 ifxetex legacy package. Use iftex instead.
) (/usr/share/texlive/texmf-dist/tex/generic/iftex/ifluatex.sty
Package: ifluatex 2019/10/25 v1.5 ifluatex legacy package. Use iftex instead.
) (/usr/share/texlive/texmf-dist/tex/latex/base/textcomp.sty
Package: textcomp 2020/02/02 v2.0n Standard LaTeX package
) (/usr/share/texlive/texmf-dist/tex/latex/unicode-math/unicode-math.sty (/usr/
share/texlive/texmf-dist/tex/latex/l3kernel/expl3.sty
Package: expl3 2022-01-21 L3 programming layer (loader) 
(/usr/share/texlive/texmf-dist/tex/latex/l3backend/l3backend-xetex.def
File: l3backend-xetex.def 2022-01-12 L3 backend support: XeTeX
(|extractbb --version)
\c__kernel_sys_dvipdfmx_version_int=\count269
\l__color_backend_stack_int=\count270
\g__color_backend_stack_int=\count271
\g__graphics_track_int=\count272
\l__pdf_internal_box=\box52
\g__pdf_backend_object_int=\count273
\g__pdf_backend_annotation_int=\count274
\g__pdf_backend_link_int=\count275
))
Package: unicode-math 2020/01/31 v0.8q Unicode maths in XeLaTeX and LuaLaTeX
(/usr/share/texlive/texmf-dist/tex/latex/unicode-math/unicode-math-xetex.sty
Package: unicode-math-xetex 2020/01/31 v0.8q Unicode maths in XeLaTeX and LuaLa
TeX
(/usr/share/texlive/texmf-dist/tex/latex/l3packages/xparse/xparse.sty
Package: xparse 2022-01-12 L3 Experimental document command parser
) (/usr/share/texlive/texmf-dist/tex/latex/l3packages/l3keys2e/l3keys2e.sty
Package: l3keys2e 2022-01-12 LaTeX2e option processing using LaTeX3 keys
) (/usr/share/texlive/texmf-dist/tex/latex/fontspec/fontspec.sty
Package: fontspec 2022/01/15 v2.8a Font selection for XeLaTeX and LuaLaTeX
(/usr/share/texlive/texmf-dist/tex/latex/fontspec/fontspec-xetex.sty
Package: fontspec-xetex 2022/01/15 v2.8a Font selection for XeLaTeX and LuaLaTe
X
\l__fontspec_script_int=\count276
\l__fontspec_language_int=\count277
\l__fontspec_strnum_int=\count278
\l__fontspec_tmp_int=\count279
\l__fontspec_tmpa_int=\count280
\l__fontspec_tmpb_int=\count281
\l__fontspec_tmpc_int=\count282
\l__fontspec_em_int=\count283
\l__fontspec_emdef_int=\count284
\l__fontspec_strong_int=\count285
\l__fontspec_strongdef_int=\count286
\l__fontspec_tmpa_dim=\dimen148
\l__fontspec_tmpb_dim=\dimen149
\l__fontspec_tmpc_dim=\dimen150
(/usr/share/texlive/texmf-dist/tex/latex/base/fontenc.sty
Package: fontenc 2021/04/29 v2.0v Standard LaTeX package
) (/usr/share/texlive/texmf-dist/tex/latex/fontspec/fontspec.cfg))) (/usr/share
/texlive/texmf-dist/tex/latex/base/fix-cm.sty
Package: fix-cm 2020/11/24 v1.1t fixes to LaTeX
(/usr/share/texlive/texmf-dist/tex/latex/base/ts1enc.def
File: ts1enc.def 2001/06/05 v3.0e (jk/car/fm) Standard LaTeX file
LaTeX Font Info:    Redeclaring font encoding TS1 on input line 47.
))
\g__um_fam_int=\count287
\g__um_fonts_used_int=\count288
\l__um_primecount_int=\count289
\g__um_primekern_muskip=\muskip17
(/usr/share/texlive/texmf-dist/tex/latex/unicode-math/unicode-math-table.tex)))
Requested font "[LibertinusSerif-Regular.otf]/OT" at 9.99997pt
 -> /usr/share/texlive/texmf-dist/fonts/opentype/public/libertinus-fonts/Libert
inusSerif-Regular.otf
Requested font "[LibertinusSerif-Regular.otf]/OT" at 10.00003pt
 -> /usr/share/texlive/texmf-dist/fonts/opentype/public/libertinus-fonts/Libert
inusSerif-Regular.otf
Requested font "[LibertinusSerif-Regular.otf]/OT:script=latn;language=dflt;" at
 10.00003pt
 -> /usr/share/texlive/texmf-dist/fonts/opentype/public/libertinus-fonts/Libert
inusSerif-Regular.otf
Requested font "[LibertinusSerif-Bold.otf]/OT:script=latn;language=dflt;" at 10
.00003pt
 -> /usr/share/texlive/texmf-dist/fonts/opentype/public/libertinus-fonts/Libert
inusSerif-Bold.otf
Requested font "[LibertinusSerif-Italic.otf]/OT:script=latn;language=dflt;" at 
10.00003pt
 -> /usr/share/texlive/texmf-dist/fonts/opentype/public/libertinus-fonts/Libert
inusSerif-Italic.otf
Requested font "[LibertinusSerif-BoldItalic.otf]/OT:script=latn;language=dflt;"
 at 10.00003pt
 -> /usr/share/texlive/texmf-dist/fonts/opentype/public/libertinus-fonts/Libert
inusSerif-BoldItalic.otf

Package fontspec Info: Font family 'LibertinusSerif(0)' created for font
(fontspec)             'LibertinusSerif' with options [Ligatures =
(fontspec)             TeX,SmallCapsFeatures={Letters=SmallCaps},RawFeature =
(fontspec)             {+tnum;+lnum},Scale = 1,UprightFont =
(fontspec)             *-Regular,ItalicFont = *-Italic,ItalicFeatures = {
(fontspec)             SmallCapsFont = *-Italic },SlantedFont =
(fontspec)             *-Regular,SlantedFeatures= {FakeSlant=0.2},BoldFont =
(fontspec)             *-Bold,BoldFeatures = { SmallCapsFont =
(fontspec)             *-Bold},BoldItalicFont =
(fontspec)             *-BoldItalic,BoldItalicFeatures = { SmallCapsFont =
(fontspec)             *-BoldItalic },BoldSlantedFont=
(fontspec)             *-Bold,BoldSlantedFeatures= {FakeSlant=0.2,
(fontspec)             SmallCapsFont = *-Bold},SmallCapsFont =
(fontspec)             *-Regular,SmallCapsFeatures={Letters=SmallCaps},Extensio
n
(fontspec)             = .otf].
(fontspec)              
(fontspec)              This font family consists of the following NFSS
(fontspec)             series/shapes:
(fontspec)              
(fontspec)             - 'normal' (m/n) with NFSS spec.:
(fontspec)             <->s*[1]"[LibertinusSerif-Regular.otf]/OT:script=latn;la
nguage=dflt;+tnum;+lnum;mapping=tex-text;"
(fontspec)             - 'small caps'  (m/sc) with NFSS spec.:
(fontspec)             <->s*[1]"[LibertinusSerif-Regular.otf]/OT:script=latn;la
nguage=dflt;+tnum;+lnum;+smcp;mapping=tex-text;"
(fontspec)             - 'bold' (b/n) with NFSS spec.:
(fontspec)             <->s*[1]"[LibertinusSerif-Bold.otf]/OT:script=latn;langu
age=dflt;+tnum;+lnum;mapping=tex-text;"
(fontspec)             - 'bold small caps'  (b/sc) with NFSS spec.:
(fontspec)             <->s*[1]"[LibertinusSerif-Bold.otf]/OT:script=latn;langu
age=dflt;+tnum;+lnum;+smcp;mapping=tex-text;"
(fontspec)             - 'italic' (m/it) with NFSS spec.:
(fontspec)             <->s*[1]"[LibertinusSerif-Italic.otf]/OT:script=latn;lan
guage=dflt;+tnum;+lnum;mapping=tex-text;"
(fontspec)             - 'italic small caps'  (m/scit) with NFSS spec.:
(fontspec)             <->s*[1]"[LibertinusSerif-Italic.otf]/OT:script=latn;lan
guage=dflt;+tnum;+lnum;+smcp;mapping=tex-text;"
(fontspec)             - 'slanted' (m/sl) with NFSS spec.:
(fontspec)             <->s*[1]"[LibertinusSerif-Regular.otf]/OT:script=latn;la
nguage=dflt;slant=0.2;+tnum;+lnum;mapping=tex-text;"
(fontspec)             - 'slanted small caps'  (m/scsl) with NFSS spec.:
(fontspec)             <->s*[1]"[LibertinusSerif-Regular.otf]/OT:script=latn;la
nguage=dflt;slant=0.2;+tnum;+lnum;+smcp;mapping=tex-text;"
(fontspec)             - 'bold italic' (b/it) with NFSS spec.:
(fontspec)             <->s*[1]"[LibertinusSerif-BoldItalic.otf]/OT:script=latn
;language=dflt;+tnum;+lnum;mapping=tex-text;"
(fontspec)             - 'bold italic small caps'  (b/scit) with NFSS spec.:
(fontspec)             <->s*[1]"[LibertinusSerif-BoldItalic.otf]/OT:script=latn
;language=dflt;+tnum;+lnum;+smcp;mapping=tex-text;"
(fontspec)             - 'bold slanted' (b/sl) with NFSS spec.:
(fontspec)             <->s*[1]"[LibertinusSerif-Bold.otf]/OT:script=latn;langu
age=dflt;slant=0.2;+tnum;+lnum;mapping=tex-text;"
(fontspec)             - 'bold slanted small caps'  (b/scsl) with NFSS spec.:
(fontspec)             <->s*[1]"[LibertinusSerif-Bold.otf]/OT:script=latn;langu
age=dflt;slant=0.2;+tnum;+lnum;+smcp;mapping=tex-text;"


Package fontspec Info: Font family 'LibertinusSerif(1)' created for font
(fontspec)             'LibertinusSerif' with options [RawFeature =
(fontspec)             {+tnum;+lnum},Scale = 1,UprightFont =
(fontspec)             *-Regular,ItalicFont = *-Italic,ItalicFeatures = {
(fontspec)             SmallCapsFont = *-Italic },SlantedFont =
(fontspec)             *-Regular,SlantedFeatures= {FakeSlant=0.2},BoldFont =
(fontspec)             *-Bold,BoldFeatures = { SmallCapsFont =
(fontspec)             *-Bold},BoldItalicFont =
(fontspec)             *-BoldItalic,BoldItalicFeatures = { SmallCapsFont =
(fontspec)             *-BoldItalic },BoldSlantedFont=
(fontspec)             *-Bold,BoldSlantedFeatures= {FakeSlant=0.2,
(fontspec)             SmallCapsFont = *-Bold},SmallCapsFont =
(fontspec)             *-Regular,SmallCapsFeatures={Letters=SmallCaps},Extensio
n
(fontspec)             = .otf].
(fontspec)              
(fontspec)              This font family consists of the following NFSS
(fontspec)             series/shapes:
(fontspec)              
(fontspec)             - 'normal' (m/n) with NFSS spec.:
(fontspec)             <->s*[1]"[LibertinusSerif-Regular.otf]/OT:script=latn;la
nguage=dflt;+tnum;+lnum;"
(fontspec)             - 'small caps'  (m/sc) with NFSS spec.:
(fontspec)             <->s*[1]"[LibertinusSerif-Regular.otf]/OT:script=latn;la
nguage=dflt;+tnum;+lnum;+smcp;"
(fontspec)             - 'bold' (b/n) with NFSS spec.:
(fontspec)             <->s*[1]"[LibertinusSerif-Bold.otf]/OT:script=latn;langu
age=dflt;+tnum;+lnum;"
(fontspec)             - 'bold small caps'  (b/sc) with NFSS spec.:
(fontspec)             <->s*[1]"[LibertinusSerif-Bold.otf]/OT:script=latn;langu
age=dflt;+tnum;+lnum;+smcp;"
(fontspec)             - 'italic' (m/it) with NFSS spec.:
(fontspec)             <->s*[1]"[LibertinusSerif-Italic.otf]/OT:script=latn;lan
guage=dflt;+tnum;+lnum;"
(fontspec)             - 'italic small caps'  (m/scit) with NFSS spec.:
(fontspec)             <->s*[1]"[LibertinusSerif-Italic.otf]/OT:script=latn;lan
guage=dflt;+tnum;+lnum;+smcp;"
(fontspec)             - 'slanted' (m/sl) with NFSS spec.:
(fontspec)             <->s*[1]"[LibertinusSerif-Regular.otf]/OT:script=latn;la
nguage=dflt;slant=0.2;+tnum;+lnum;"
(fontspec)             - 'slanted small caps'  (m/scsl) with NFSS spec.:
(fontspec)             <->s*[1]"[LibertinusSerif-Regular.otf]/OT:script=latn;la
nguage=dflt;slant=0.2;+tnum;+lnum;+smcp;"
(fontspec)             - 'bold italic' (b/it) with NFSS spec.:
(fontspec)             <->s*[1]"[LibertinusSerif-BoldItalic.otf]/OT:script=latn
;language=dflt;+tnum;+lnum;"
(fontspec)             - 'bold italic small caps'  (b/scit) with NFSS spec.:
(fontspec)             <->s*[1]"[LibertinusSerif-BoldItalic.otf]/OT:script=latn
;language=dflt;+tnum;+lnum;+smcp;"
(fontspec)             - 'bold slanted' (b/sl) with NFSS spec.:
(fontspec)             <->s*[1]"[LibertinusSerif-Bold.otf]/OT:script=latn;langu
age=dflt;slant=0.2;+tnum;+lnum;"
(fontspec)             - 'bold slanted small caps'  (b/scsl) with NFSS spec.:
(fontspec)             <->s*[1]"[LibertinusSerif-Bold.otf]/OT:script=latn;langu
age=dflt;slant=0.2;+tnum;+lnum;+smcp;"

LaTeX Font Info:    Overwriting math alphabet `\mathrm' in version `normal'
(Font)                  OT1/cmr/m/n --> TU/LibertinusSerif(1)/m/n on input line
 113.
LaTeX Font Info:    Overwriting math alphabet `\mathit' in version `normal'
(Font)                  OT1/cmr/m/it --> TU/LibertinusSerif(1)/m/it on input li
ne 113.
LaTeX Font Info:    Overwriting math alphabet `\mathbf' in version `normal'
(Font)                  OT1/cmr/bx/n --> TU/LibertinusSerif(1)/b/n on input lin
e 113.
LaTeX Font Info:    Font shape `TU/LibertinusSerif(0)/m/n' will be
(Font)              scaled to size 10.0pt on input line 113.
Requested font "[LibertinusSerif-Regular.otf]/OT:script=latn;language=dflt;+tnu
m;+lnum;mapping=tex-text;" at 10.0pt
 -> /usr/share/texlive/texmf-dist/fonts/opentype/public/libertinus-fonts/Libert
inusSerif-Regular.otf
Requested font "[LibertinusSerif-Semibold.otf]/OT:script=latn;language=dflt;" a
t 10.00003pt
 -> /usr/share/texlive/texmf-dist/fonts/opentype/public/libertinus-fonts/Libert
inusSerif-Semibold.otf
Requested font "[LibertinusSerif-SemiboldItalic.otf]/OT:script=latn;language=df
lt;" at 10.00003pt
 -> /usr/share/texlive/texmf-dist/fonts/opentype/public/libertinus-fonts/Libert
inusSerif-SemiboldItalic.otf

Package fontspec Info: Font family 'LibertinusSerif(2)' created for font
(fontspec)             'LibertinusSerif' with options [RawFeature =
(fontspec)             {+tnum;+lnum},Scale = 1,UprightFont =
(fontspec)             *-Regular,ItalicFont = *-Italic,ItalicFeatures = {
(fontspec)             SmallCapsFont = *-Italic },SlantedFont =
(fontspec)             *-Regular,SlantedFeatures= {FakeSlant=0.2},BoldFont =
(fontspec)             *-Semibold,BoldFeatures = { SmallCapsFont = *-Semibold
(fontspec)             },BoldItalicFont = *-SemiboldItalic,BoldItalicFeatures
(fontspec)             = { SmallCapsFont = *-SemiboldItalic },BoldSlantedFont=
(fontspec)             *-Semibold,BoldSlantedFeatures = {FakeSlant=0.2,
(fontspec)             SmallCapsFont = *-Semibold },SmallCapsFont =
(fontspec)             *-Regular,SmallCapsFeatures={Letters=SmallCaps},Extensio
n
(fontspec)             = .otf].
(fontspec)              
(fontspec)              This font family consists of the following NFSS
(fontspec)             series/shapes:
(fontspec)              
(fontspec)             - 'normal' (m/n) with NFSS spec.:
(fontspec)             <->s*[1]"[LibertinusSerif-Regular.otf]/OT:script=latn;la
nguage=dflt;+tnum;+lnum;"
(fontspec)             - 'small caps'  (m/sc) with NFSS spec.:
(fontspec)             <->s*[1]"[LibertinusSerif-Regular.otf]/OT:script=latn;la
nguage=dflt;+tnum;+lnum;+smcp;"
(fontspec)             - 'bold' (b/n) with NFSS spec.:
(fontspec)             <->s*[1]"[LibertinusSerif-Semibold.otf]/OT:script=latn;l
anguage=dflt;+tnum;+lnum;"
(fontspec)             - 'bold small caps'  (b/sc) with NFSS spec.:
(fontspec)             <->s*[1]"[LibertinusSerif-Semibold.otf]/OT:script=latn;l
anguage=dflt;+tnum;+lnum;+smcp;"
(fontspec)             - 'italic' (m/it) with NFSS spec.:
(fontspec)             <->s*[1]"[LibertinusSerif-Italic.otf]/OT:script=latn;lan
guage=dflt;+tnum;+lnum;"
(fontspec)             - 'italic small caps'  (m/scit) with NFSS spec.:
(fontspec)             <->s*[1]"[LibertinusSerif-Italic.otf]/OT:script=latn;lan
guage=dflt;+tnum;+lnum;+smcp;"
(fontspec)             - 'slanted' (m/sl) with NFSS spec.:
(fontspec)             <->s*[1]"[LibertinusSerif-Regular.otf]/OT:script=latn;la
nguage=dflt;slant=0.2;+tnum;+lnum;"
(fontspec)             - 'slanted small caps'  (m/scsl) with NFSS spec.:
(fontspec)             <->s*[1]"[LibertinusSerif-Regular.otf]/OT:script=latn;la
nguage=dflt;slant=0.2;+tnum;+lnum;+smcp;"
(fontspec)             - 'bold italic' (b/it) with NFSS spec.:
(fontspec)             <->s*[1]"[LibertinusSerif-SemiboldItalic.otf]/OT:script=
latn;language=dflt;+tnum;+lnum;"
(fontspec)             - 'bold italic small caps'  (b/scit) with NFSS spec.:
(fontspec)             <->s*[1]"[LibertinusSerif-SemiboldItalic.otf]/OT:script=
latn;language=dflt;+tnum;+lnum;+smcp;"
(fontspec)             - 'bold slanted' (b/sl) with NFSS spec.:
(fontspec)             <->s*[1]"[LibertinusSerif-Semibold.otf]/OT:script=latn;l
anguage=dflt;slant=0.2;+tnum;+lnum;"
(fontspec)             - 'bold slanted small caps'  (b/scsl) with NFSS spec.:
(fontspec)             <->s*[1]"[LibertinusSerif-Semibold.otf]/OT:script=latn;l
anguage=dflt;slant=0.2;+tnum;+lnum;+smcp;"


Package fontspec Info: Font family 'LibertinusSerif(3)' created for font
(fontspec)             'LibertinusSerif' with options [RawFeature =
(fontspec)             {+onum},Scale = 1,UprightFont = *-Regular,ItalicFont =
(fontspec)             *-Italic,ItalicFeatures = { SmallCapsFont = *-Italic
(fontspec)             },SlantedFont = *-Regular,SlantedFeatures=
(fontspec)             {FakeSlant=0.2},BoldFont = *-Bold,BoldFeatures = {
(fontspec)             SmallCapsFont = *-Bold},BoldItalicFont =
(fontspec)             *-BoldItalic,BoldItalicFeatures = { SmallCapsFont =
(fontspec)             *-BoldItalic },BoldSlantedFont=
(fontspec)             *-Bold,BoldSlantedFeatures = {FakeSlant=0.2,
(fontspec)             SmallCapsFont = *-Bold},SmallCapsFont =
(fontspec)             *-Regular,SmallCapsFeatures={Letters=SmallCaps},Extensio
n
(fontspec)             = .otf].
(fontspec)              
(fontspec)              This font family consists of the following NFSS
(fontspec)             series/shapes:
(fontspec)              
(fontspec)             - 'normal' (m/n) with NFSS spec.:
(fontspec)             <->s*[1]"[LibertinusSerif-Regular.otf]/OT:script=latn;la
nguage=dflt;+onum;"
(fontspec)             - 'small caps'  (m/sc) with NFSS spec.:
(fontspec)             <->s*[1]"[LibertinusSerif-Regular.otf]/OT:script=latn;la
nguage=dflt;+onum;+smcp;"
(fontspec)             - 'bold' (b/n) with NFSS spec.:
(fontspec)             <->s*[1]"[LibertinusSerif-Bold.otf]/OT:script=latn;langu
age=dflt;+onum;"
(fontspec)             - 'bold small caps'  (b/sc) with NFSS spec.:
(fontspec)             <->s*[1]"[LibertinusSerif-Bold.otf]/OT:script=latn;langu
age=dflt;+onum;+smcp;"
(fontspec)             - 'italic' (m/it) with NFSS spec.:
(fontspec)             <->s*[1]"[LibertinusSerif-Italic.otf]/OT:script=latn;lan
guage=dflt;+onum;"
(fontspec)             - 'italic small caps'  (m/scit) with NFSS spec.:
(fontspec)             <->s*[1]"[LibertinusSerif-Italic.otf]/OT:script=latn;lan
guage=dflt;+onum;+smcp;"
(fontspec)             - 'slanted' (m/sl) with NFSS spec.:
(fontspec)             <->s*[1]"[LibertinusSerif-Regular.otf]/OT:script=latn;la
nguage=dflt;slant=0.2;+onum;"
(fontspec)             - 'slanted small caps'  (m/scsl) with NFSS spec.:
(fontspec)             <->s*[1]"[LibertinusSerif-Regular.otf]/OT:script=latn;la
nguage=dflt;slant=0.2;+onum;+smcp;"
(fontspec)             - 'bold italic' (b/it) with NFSS spec.:
(fontspec)             <->s*[1]"[LibertinusSerif-BoldItalic.otf]/OT:script=latn
;language=dflt;+onum;"
(fontspec)             - 'bold italic small caps'  (b/scit) with NFSS spec.:
(fontspec)             <->s*[1]"[LibertinusSerif-BoldItalic.otf]/OT:script=latn
;language=dflt;+onum;+smcp;"
(fontspec)             - 'bold slanted' (b/sl) with NFSS spec.:
(fontspec)             <->s*[1]"[LibertinusSerif-Bold.otf]/OT:script=latn;langu
age=dflt;slant=0.2;+onum;"
(fontspec)             - 'bold slanted small caps'  (b/scsl) with NFSS spec.:
(fontspec)             <->s*[1]"[LibertinusSerif-Bold.otf]/OT:script=latn;langu
age=dflt;slant=0.2;+onum;+smcp;"


Package fontspec Info: Font family 'LibertinusSerif(4)' created for font
(fontspec)             'LibertinusSerif' with options [RawFeature =
(fontspec)             {+tnum;-onum},Scale = 1,UprightFont =
(fontspec)             *-Regular,ItalicFont = *-Italic,ItalicFeatures = {
(fontspec)             SmallCapsFont = *-Italic },SlantedFont =
(fontspec)             *-Regular,SlantedFeatures= {FakeSlant=0.2},BoldFont =
(fontspec)             *-Bold,BoldFeatures = { SmallCapsFont =
(fontspec)             *-Bold},BoldItalicFont =
(fontspec)             *-BoldItalic,BoldItalicFeatures = { SmallCapsFont =
(fontspec)             *-BoldItalic },BoldSlantedFont=
(fontspec)             *-Bold,BoldSlantedFeatures = {FakeSlant=0.2,
(fontspec)             SmallCapsFont = *-Bold},SmallCapsFont =
(fontspec)             *-Regular,SmallCapsFeatures={Letters=SmallCaps},Extensio
n
(fontspec)             = .otf].
(fontspec)              
(fontspec)              This font family consists of the following NFSS
(fontspec)             series/shapes:
(fontspec)              
(fontspec)             - 'normal' (m/n) with NFSS spec.:
(fontspec)             <->s*[1]"[LibertinusSerif-Regular.otf]/OT:script=latn;la
nguage=dflt;+tnum;-onum;"
(fontspec)             - 'small caps'  (m/sc) with NFSS spec.:
(fontspec)             <->s*[1]"[LibertinusSerif-Regular.otf]/OT:script=latn;la
nguage=dflt;+tnum;-onum;+smcp;"
(fontspec)             - 'bold' (b/n) with NFSS spec.:
(fontspec)             <->s*[1]"[LibertinusSerif-Bold.otf]/OT:script=latn;langu
age=dflt;+tnum;-onum;"
(fontspec)             - 'bold small caps'  (b/sc) with NFSS spec.:
(fontspec)             <->s*[1]"[LibertinusSerif-Bold.otf]/OT:script=latn;langu
age=dflt;+tnum;-onum;+smcp;"
(fontspec)             - 'italic' (m/it) with NFSS spec.:
(fontspec)             <->s*[1]"[LibertinusSerif-Italic.otf]/OT:script=latn;lan
guage=dflt;+tnum;-onum;"
(fontspec)             - 'italic small caps'  (m/scit) with NFSS spec.:
(fontspec)             <->s*[1]"[LibertinusSerif-Italic.otf]/OT:script=latn;lan
guage=dflt;+tnum;-onum;+smcp;"
(fontspec)             - 'slanted' (m/sl) with NFSS spec.:
(fontspec)             <->s*[1]"[LibertinusSerif-Regular.otf]/OT:script=latn;la
nguage=dflt;slant=0.2;+tnum;-onum;"
(fontspec)             - 'slanted small caps'  (m/scsl) with NFSS spec.:
(fontspec)             <->s*[1]"[LibertinusSerif-Regular.otf]/OT:script=latn;la
nguage=dflt;slant=0.2;+tnum;-onum;+smcp;"
(fontspec)             - 'bold italic' (b/it) with NFSS spec.:
(fontspec)             <->s*[1]"[LibertinusSerif-BoldItalic.otf]/OT:script=latn
;language=dflt;+tnum;-onum;"
(fontspec)             - 'bold italic small caps'  (b/scit) with NFSS spec.:
(fontspec)             <->s*[1]"[LibertinusSerif-BoldItalic.otf]/OT:script=latn
;language=dflt;+tnum;-onum;+smcp;"
(fontspec)             - 'bold slanted' (b/sl) with NFSS spec.:
(fontspec)             <->s*[1]"[LibertinusSerif-Bold.otf]/OT:script=latn;langu
age=dflt;slant=0.2;+tnum;-onum;"
(fontspec)             - 'bold slanted small caps'  (b/scsl) with NFSS spec.:
(fontspec)             <->s*[1]"[LibertinusSerif-Bold.otf]/OT:script=latn;langu
age=dflt;slant=0.2;+tnum;-onum;+smcp;"

Requested font "[LibertinusSans-Regular.otf]/OT" at 9.99997pt
 -> /usr/share/texlive/texmf-dist/fonts/opentype/public/libertinus-fonts/Libert
inusSans-Regular.otf
Requested font "[LibertinusSans-Regular.otf]/OT" at 10.00003pt
 -> /usr/share/texlive/texmf-dist/fonts/opentype/public/libertinus-fonts/Libert
inusSans-Regular.otf
Requested font "[LibertinusSans-Regular.otf]/OT:script=latn;language=dflt;" at 
10.00003pt
 -> /usr/share/texlive/texmf-dist/fonts/opentype/public/libertinus-fonts/Libert
inusSans-Regular.otf
Requested font "[LibertinusSans-Bold.otf]/OT:script=latn;language=dflt;" at 10.
00003pt
 -> /usr/share/texlive/texmf-dist/fonts/opentype/public/libertinus-fonts/Libert
inusSans-Bold.otf
Requested font "[LibertinusSans-Italic.otf]/OT:script=latn;language=dflt;" at 1
0.00003pt
 -> /usr/share/texlive/texmf-dist/fonts/opentype/public/libertinus-fonts/Libert
inusSans-Italic.otf

Package fontspec Info: Font family 'LibertinusSans(0)' created for font
(fontspec)             'LibertinusSans' with options [Ligatures =
(fontspec)             TeX,SmallCapsFeatures={Letters=SmallCaps},Extension =
(fontspec)             .otf,RawFeature = {+tnum;+lnum},Scale = 1,UprightFont =
(fontspec)             *-Regular,ItalicFont = *-Italic,ItalicFeatures = {
(fontspec)             SmallCapsFont = *-Italic },SlantedFont =
(fontspec)             *-Regular,SlantedFeatures= {FakeSlant=0.2},BoldFont =
(fontspec)             *-Bold,BoldFeatures = { SmallCapsFont = *-Bold
(fontspec)             },BoldItalicFont = *-Italic,BoldItalicFeatures =
(fontspec)             {RawFeature={embolden=3},SmallCapsFont = *-Italic
(fontspec)             },BoldSlantedFont= *-Bold,BoldSlantedFeatures =
(fontspec)             {FakeSlant=0.2, SmallCapsFont = *-Bold },SmallCapsFont
(fontspec)             = *-Regular,SmallCapsFeatures={Letters=SmallCaps}].
(fontspec)              
(fontspec)              This font family consists of the following NFSS
(fontspec)             series/shapes:
(fontspec)              
(fontspec)             - 'normal' (m/n) with NFSS spec.:
(fontspec)             <->s*[1]"[LibertinusSans-Regular.otf]/OT:script=latn;lan
guage=dflt;+tnum;+lnum;mapping=tex-text;"
(fontspec)             - 'small caps'  (m/sc) with NFSS spec.:
(fontspec)             <->s*[1]"[LibertinusSans-Regular.otf]/OT:script=latn;lan
guage=dflt;+tnum;+lnum;+smcp;mapping=tex-text;"
(fontspec)             - 'bold' (b/n) with NFSS spec.:
(fontspec)             <->s*[1]"[LibertinusSans-Bold.otf]/OT:script=latn;langua
ge=dflt;+tnum;+lnum;mapping=tex-text;"
(fontspec)             - 'bold small caps'  (b/sc) with NFSS spec.:
(fontspec)             <->s*[1]"[LibertinusSans-Bold.otf]/OT:script=latn;langua
ge=dflt;+tnum;+lnum;+smcp;mapping=tex-text;"
(fontspec)             - 'italic' (m/it) with NFSS spec.:
(fontspec)             <->s*[1]"[LibertinusSans-Italic.otf]/OT:script=latn;lang
uage=dflt;+tnum;+lnum;mapping=tex-text;"
(fontspec)             - 'italic small caps'  (m/scit) with NFSS spec.:
(fontspec)             <->s*[1]"[LibertinusSans-Italic.otf]/OT:script=latn;lang
uage=dflt;+tnum;+lnum;+smcp;mapping=tex-text;"
(fontspec)             - 'slanted' (m/sl) with NFSS spec.:
(fontspec)             <->s*[1]"[LibertinusSans-Regular.otf]/OT:script=latn;lan
guage=dflt;slant=0.2;+tnum;+lnum;mapping=tex-text;"
(fontspec)             - 'slanted small caps'  (m/scsl) with NFSS spec.:
(fontspec)             <->s*[1]"[LibertinusSans-Regular.otf]/OT:script=latn;lan
guage=dflt;slant=0.2;+tnum;+lnum;+smcp;mapping=tex-text;"
(fontspec)             - 'bold italic' (b/it) with NFSS spec.:
(fontspec)             <->s*[1]"[LibertinusSans-Italic.otf]/OT:script=latn;lang
uage=dflt;+tnum;+lnum;embolden=3;mapping=tex-text;"
(fontspec)             - 'bold italic small caps'  (b/scit) with NFSS spec.:
(fontspec)             <->s*[1]"[LibertinusSans-Italic.otf]/OT:script=latn;lang
uage=dflt;+tnum;+lnum;embolden=3;+smcp;mapping=tex-text;"
(fontspec)             - 'bold slanted' (b/sl) with NFSS spec.:
(fontspec)             <->s*[1]"[LibertinusSans-Bold.otf]/OT:script=latn;langua
ge=dflt;slant=0.2;+tnum;+lnum;mapping=tex-text;"
(fontspec)             - 'bold slanted small caps'  (b/scsl) with NFSS spec.:
(fontspec)             <->s*[1]"[LibertinusSans-Bold.otf]/OT:script=latn;langua
ge=dflt;slant=0.2;+tnum;+lnum;+smcp;mapping=tex-text;"


Package fontspec Info: Font family 'LibertinusSans(1)' created for font
(fontspec)             'LibertinusSans' with options [Extension =
(fontspec)             .otf,RawFeature = {+tnum;+lnum},Scale = 1,UprightFont =
(fontspec)             *-Regular,ItalicFont = *-Italic,ItalicFeatures = {
(fontspec)             SmallCapsFont = *-Italic },SlantedFont =
(fontspec)             *-Regular,SlantedFeatures= {FakeSlant=0.2},BoldFont =
(fontspec)             *-Bold,BoldFeatures = { SmallCapsFont = *-Bold
(fontspec)             },BoldItalicFont = *-Italic,BoldItalicFeatures =
(fontspec)             {RawFeature={embolden=3},SmallCapsFont = *-Italic
(fontspec)             },BoldSlantedFont= *-Bold,BoldSlantedFeatures =
(fontspec)             {FakeSlant=0.2, SmallCapsFont = *-Bold },SmallCapsFont
(fontspec)             = *-Regular,SmallCapsFeatures={Letters=SmallCaps}].
(fontspec)              
(fontspec)              This font family consists of the following NFSS
(fontspec)             series/shapes:
(fontspec)              
(fontspec)             - 'normal' (m/n) with NFSS spec.:
(fontspec)             <->s*[1]"[LibertinusSans-Regular.otf]/OT:script=latn;lan
guage=dflt;+tnum;+lnum;"
(fontspec)             - 'small caps'  (m/sc) with NFSS spec.:
(fontspec)             <->s*[1]"[LibertinusSans-Regular.otf]/OT:script=latn;lan
guage=dflt;+tnum;+lnum;+smcp;"
(fontspec)             - 'bold' (b/n) with NFSS spec.:
(fontspec)             <->s*[1]"[LibertinusSans-Bold.otf]/OT:script=latn;langua
ge=dflt;+tnum;+lnum;"
(fontspec)             - 'bold small caps'  (b/sc) with NFSS spec.:
(fontspec)             <->s*[1]"[LibertinusSans-Bold.otf]/OT:script=latn;langua
ge=dflt;+tnum;+lnum;+smcp;"
(fontspec)             - 'italic' (m/it) with NFSS spec.:
(fontspec)             <->s*[1]"[LibertinusSans-Italic.otf]/OT:script=latn;lang
uage=dflt;+tnum;+lnum;"
(fontspec)             - 'italic small caps'  (m/scit) with NFSS spec.:
(fontspec)             <->s*[1]"[LibertinusSans-Italic.otf]/OT:script=latn;lang
uage=dflt;+tnum;+lnum;+smcp;"
(fontspec)             - 'slanted' (m/sl) with NFSS spec.:
(fontspec)             <->s*[1]"[LibertinusSans-Regular.otf]/OT:script=latn;lan
guage=dflt;slant=0.2;+tnum;+lnum;"
(fontspec)             - 'slanted small caps'  (m/scsl) with NFSS spec.:
(fontspec)             <->s*[1]"[LibertinusSans-Regular.otf]/OT:script=latn;lan
guage=dflt;slant=0.2;+tnum;+lnum;+smcp;"
(fontspec)             - 'bold italic' (b/it) with NFSS spec.:
(fontspec)             <->s*[1]"[LibertinusSans-Italic.otf]/OT:script=latn;lang
uage=dflt;+tnum;+lnum;embolden=3;"
(fontspec)             - 'bold italic small caps'  (b/scit) with NFSS spec.:
(fontspec)             <->s*[1]"[LibertinusSans-Italic.otf]/OT:script=latn;lang
uage=dflt;+tnum;+lnum;embolden=3;+smcp;"
(fontspec)             - 'bold slanted' (b/sl) with NFSS spec.:
(fontspec)             <->s*[1]"[LibertinusSans-Bold.otf]/OT:script=latn;langua
ge=dflt;slant=0.2;+tnum;+lnum;"
(fontspec)             - 'bold slanted small caps'  (b/scsl) with NFSS spec.:
(fontspec)             <->s*[1]"[LibertinusSans-Bold.otf]/OT:script=latn;langua
ge=dflt;slant=0.2;+tnum;+lnum;+smcp;"

LaTeX Font Info:    Overwriting math alphabet `\mathsf' in version `normal'
(Font)                  OT1/cmss/m/n --> TU/LibertinusSans(1)/m/n on input line
 193.
LaTeX Font Info:    Overwriting math alphabet `\mathsf' in version `bold'
(Font)                  OT1/cmss/bx/n --> TU/LibertinusSans(1)/b/n on input lin
e 193.

Package fontspec Info: Font family 'LibertinusSans(2)' created for font
(fontspec)             'LibertinusSans' with options [RawFeature =
(fontspec)             {+onum;+pnum},Scale = 1,UprightFont =
(fontspec)             *-Regular,ItalicFont = *-Italic,ItalicFeatures = {
(fontspec)             SmallCapsFont = *-Italic },SlantedFont =
(fontspec)             *-Regular,SlantedFeatures= {FakeSlant=0.2},BoldFont =
(fontspec)             *-Bold,BoldFeatures = { SmallCapsFont = *-Bold
(fontspec)             },BoldItalicFont = *-Italic,BoldItalicFeatures =
(fontspec)             {RawFeature={embolden=3}},BoldSlantedFont=
(fontspec)             *-Bold,BoldSlantedFeatures = {FakeSlant=0.2,
(fontspec)             SmallCapsFont = *-Bold },SmallCapsFont =
(fontspec)             *-Regular,SmallCapsFeatures={Letters=SmallCaps},Extensio
n
(fontspec)             = .otf].
(fontspec)              
(fontspec)              This font family consists of the following NFSS
(fontspec)             series/shapes:
(fontspec)              
(fontspec)             - 'normal' (m/n) with NFSS spec.:
(fontspec)             <->s*[1]"[LibertinusSans-Regular.otf]/OT:script=latn;lan
guage=dflt;+onum;+pnum;"
(fontspec)             - 'small caps'  (m/sc) with NFSS spec.:
(fontspec)             <->s*[1]"[LibertinusSans-Regular.otf]/OT:script=latn;lan
guage=dflt;+onum;+pnum;+smcp;"
(fontspec)             - 'bold' (b/n) with NFSS spec.:
(fontspec)             <->s*[1]"[LibertinusSans-Bold.otf]/OT:script=latn;langua
ge=dflt;+onum;+pnum;"
(fontspec)             - 'bold small caps'  (b/sc) with NFSS spec.:
(fontspec)             <->s*[1]"[LibertinusSans-Bold.otf]/OT:script=latn;langua
ge=dflt;+onum;+pnum;+smcp;"
(fontspec)             - 'italic' (m/it) with NFSS spec.:
(fontspec)             <->s*[1]"[LibertinusSans-Italic.otf]/OT:script=latn;lang
uage=dflt;+onum;+pnum;"
(fontspec)             - 'italic small caps'  (m/scit) with NFSS spec.:
(fontspec)             <->s*[1]"[LibertinusSans-Italic.otf]/OT:script=latn;lang
uage=dflt;+onum;+pnum;+smcp;"
(fontspec)             - 'slanted' (m/sl) with NFSS spec.:
(fontspec)             <->s*[1]"[LibertinusSans-Regular.otf]/OT:script=latn;lan
guage=dflt;slant=0.2;+onum;+pnum;"
(fontspec)             - 'slanted small caps'  (m/scsl) with NFSS spec.:
(fontspec)             <->s*[1]"[LibertinusSans-Regular.otf]/OT:script=latn;lan
guage=dflt;slant=0.2;+onum;+pnum;+smcp;"
(fontspec)             - 'bold italic' (b/it) with NFSS spec.:
(fontspec)             <->s*[1]"[LibertinusSans-Italic.otf]/OT:script=latn;lang
uage=dflt;+onum;+pnum;embolden=3;"
(fontspec)             - 'bold italic small caps'  (b/scit) with NFSS spec.:
(fontspec)             <->s*[1]"[LibertinusSans-Regular.otf]/OT:script=latn;lan
guage=dflt;+onum;+pnum;embolden=3;+smcp;"
(fontspec)             - 'bold slanted' (b/sl) with NFSS spec.:
(fontspec)             <->s*[1]"[LibertinusSans-Bold.otf]/OT:script=latn;langua
ge=dflt;slant=0.2;+onum;+pnum;"
(fontspec)             - 'bold slanted small caps'  (b/scsl) with NFSS spec.:
(fontspec)             <->s*[1]"[LibertinusSans-Bold.otf]/OT:script=latn;langua
ge=dflt;slant=0.2;+onum;+pnum;+smcp;"


Package fontspec Info: Font family 'LibertinusSans(3)' created for font
(fontspec)             'LibertinusSans' with options [RawFeature =
(fontspec)             {+lnum;-onum;+tnum},Scale = 1,UprightFont =
(fontspec)             *-Regular,ItalicFont = *-Italic,ItalicFeatures = {
(fontspec)             SmallCapsFont = *-Italic },SlantedFont =
(fontspec)             *-Regular,SlantedFeatures= {FakeSlant=0.2},BoldFont =
(fontspec)             *-Bold,BoldFeatures = { SmallCapsFont = *-Bold
(fontspec)             },BoldItalicFont = *-Italic,BoldItalicFeatures =
(fontspec)             {RawFeature={embolden=3}},BoldSlantedFont=
(fontspec)             *-Bold,BoldSlantedFeatures = {FakeSlant=0.2,
(fontspec)             SmallCapsFont = *-Bold },SmallCapsFont =
(fontspec)             *-Regular,SmallCapsFeatures={Letters=SmallCaps},Extensio
n
(fontspec)             = .otf].
(fontspec)              
(fontspec)              This font family consists of the following NFSS
(fontspec)             series/shapes:
(fontspec)              
(fontspec)             - 'normal' (m/n) with NFSS spec.:
(fontspec)             <->s*[1]"[LibertinusSans-Regular.otf]/OT:script=latn;lan
guage=dflt;+lnum;-onum;+tnum;"
(fontspec)             - 'small caps'  (m/sc) with NFSS spec.:
(fontspec)             <->s*[1]"[LibertinusSans-Regular.otf]/OT:script=latn;lan
guage=dflt;+lnum;-onum;+tnum;+smcp;"
(fontspec)             - 'bold' (b/n) with NFSS spec.:
(fontspec)             <->s*[1]"[LibertinusSans-Bold.otf]/OT:script=latn;langua
ge=dflt;+lnum;-onum;+tnum;"
(fontspec)             - 'bold small caps'  (b/sc) with NFSS spec.:
(fontspec)             <->s*[1]"[LibertinusSans-Bold.otf]/OT:script=latn;langua
ge=dflt;+lnum;-onum;+tnum;+smcp;"
(fontspec)             - 'italic' (m/it) with NFSS spec.:
(fontspec)             <->s*[1]"[LibertinusSans-Italic.otf]/OT:script=latn;lang
uage=dflt;+lnum;-onum;+tnum;"
(fontspec)             - 'italic small caps'  (m/scit) with NFSS spec.:
(fontspec)             <->s*[1]"[LibertinusSans-Italic.otf]/OT:script=latn;lang
uage=dflt;+lnum;-onum;+tnum;+smcp;"
(fontspec)             - 'slanted' (m/sl) with NFSS spec.:
(fontspec)             <->s*[1]"[LibertinusSans-Regular.otf]/OT:script=latn;lan
guage=dflt;slant=0.2;+lnum;-onum;+tnum;"
(fontspec)             - 'slanted small caps'  (m/scsl) with NFSS spec.:
(fontspec)             <->s*[1]"[LibertinusSans-Regular.otf]/OT:script=latn;lan
guage=dflt;slant=0.2;+lnum;-onum;+tnum;+smcp;"
(fontspec)             - 'bold italic' (b/it) with NFSS spec.:
(fontspec)             <->s*[1]"[LibertinusSans-Italic.otf]/OT:script=latn;lang
uage=dflt;+lnum;-onum;+tnum;embolden=3;"
(fontspec)             - 'bold italic small caps'  (b/scit) with NFSS spec.:
(fontspec)             <->s*[1]"[LibertinusSans-Regular.otf]/OT:script=latn;lan
guage=dflt;+lnum;-onum;+tnum;embolden=3;+smcp;"
(fontspec)             - 'bold slanted' (b/sl) with NFSS spec.:
(fontspec)             <->s*[1]"[LibertinusSans-Bold.otf]/OT:script=latn;langua
ge=dflt;slant=0.2;+lnum;-onum;+tnum;"
(fontspec)             - 'bold slanted small caps'  (b/scsl) with NFSS spec.:
(fontspec)             <->s*[1]"[LibertinusSans-Bold.otf]/OT:script=latn;langua
ge=dflt;slant=0.2;+lnum;-onum;+tnum;+smcp;"

Requested font "[LibertinusMono-Regular.otf]/OT" at 9.99997pt
 -> /usr/share/texlive/texmf-dist/fonts/opentype/public/libertinus-fonts/Libert
inusMono-Regular.otf
Requested font "[LibertinusMono-Regular.otf]/OT" at 10.00003pt
 -> /usr/share/texlive/texmf-dist/fonts/opentype/public/libertinus-fonts/Libert
inusMono-Regular.otf

Package fontspec Info: LibertinusMono-Regular scale = 0.8666631730804798.

Requested font "[LibertinusMono-Regular.otf]/OT:script=latn;language=dflt;" at 
10.00003pt
 -> /usr/share/texlive/texmf-dist/fonts/opentype/public/libertinus-fonts/Libert
inusMono-Regular.otf

Package fontspec Info: LibertinusMono-Regular scale = 0.8666631730804798.


Package fontspec Info: LibertinusMono-Regular scale = 0.8666631730804798.


Package fontspec Info: LibertinusMono-Regular scale = 0.8666631730804798.


Package fontspec Info: LibertinusMono-Regular scale = 0.8666631730804798.


Package fontspec Info: LibertinusMono-Regular scale = 0.8666631730804798.


Package fontspec Info: Font family 'LibertinusMono(0)' created for font
(fontspec)             'LibertinusMono' with options
(fontspec)             [WordSpace={1,0,0},HyphenChar=None,PunctuationSpace=Word
Space,RawFeature
(fontspec)             = {+tnum; +lnum},Scale = MatchLowercase,FakeStretch =
(fontspec)             0.9,UprightFont = *-Regular,ItalicFont =
(fontspec)             *-Regular,ItalicFeatures = {FakeSlant=0.2},SlantedFont
(fontspec)             = *-Regular,SlantedFeatures= {FakeSlant=0.2},BoldFont =
(fontspec)             *-Regular,BoldFeatures =
(fontspec)             {RawFeature={embolden=3}},BoldItalicFont =
(fontspec)             *-Regular,BoldItalicFeatures={FakeSlant=0.2,RawFeature={
embolden=3}},Extension
(fontspec)             = .otf].
(fontspec)              
(fontspec)              This font family consists of the following NFSS
(fontspec)             series/shapes:
(fontspec)              
(fontspec)             - 'normal' (m/n) with NFSS spec.:
(fontspec)             <->s*[0.8666631730804798]"[LibertinusMono-Regular.otf]/O
T:script=latn;language=dflt;extend=0.9;+tnum;
(fontspec)             +lnum;"
(fontspec)             - 'small caps'  (m/sc) with NFSS spec.: 
(fontspec)             and font adjustment code:
(fontspec)             \fontdimen 2\font =1\fontdimen 2\font \fontdimen 3\font
(fontspec)             =0\fontdimen 3\font \fontdimen 4\font =0\fontdimen
(fontspec)             4\font \fontdimen 7\font =0\fontdimen 2\font
(fontspec)             \tex_hyphenchar:D \font =-1\scan_stop: 
(fontspec)             - 'bold' (b/n) with NFSS spec.:
(fontspec)             <->s*[0.8666631730804798]"[LibertinusMono-Regular.otf]/O
T:script=latn;language=dflt;extend=0.9;+tnum;
(fontspec)             +lnum;embolden=3;"
(fontspec)             - 'bold small caps'  (b/sc) with NFSS spec.: 
(fontspec)             and font adjustment code:
(fontspec)             \fontdimen 2\font =1\fontdimen 2\font \fontdimen 3\font
(fontspec)             =0\fontdimen 3\font \fontdimen 4\font =0\fontdimen
(fontspec)             4\font \fontdimen 7\font =0\fontdimen 2\font
(fontspec)             \tex_hyphenchar:D \font =-1\scan_stop: 
(fontspec)             - 'italic' (m/it) with NFSS spec.:
(fontspec)             <->s*[0.8666631730804798]"[LibertinusMono-Regular.otf]/O
T:script=latn;language=dflt;extend=0.9;slant=0.2;+tnum;
(fontspec)             +lnum;"
(fontspec)             - 'italic small caps'  (m/scit) with NFSS spec.: 
(fontspec)             and font adjustment code:
(fontspec)             \fontdimen 2\font =1\fontdimen 2\font \fontdimen 3\font
(fontspec)             =0\fontdimen 3\font \fontdimen 4\font =0\fontdimen
(fontspec)             4\font \fontdimen 7\font =0\fontdimen 2\font
(fontspec)             \tex_hyphenchar:D \font =-1\scan_stop: 
(fontspec)             - 'slanted' (m/sl) with NFSS spec.:
(fontspec)             <->s*[0.8666631730804798]"[LibertinusMono-Regular.otf]/O
T:script=latn;language=dflt;extend=0.9;slant=0.2;+tnum;
(fontspec)             +lnum;"
(fontspec)             - 'slanted small caps'  (m/scsl) with NFSS spec.: 
(fontspec)             and font adjustment code:
(fontspec)             \fontdimen 2\font =1\fontdimen 2\font \fontdimen 3\font
(fontspec)             =0\fontdimen 3\font \fontdimen 4\font =0\fontdimen
(fontspec)             4\font \fontdimen 7\font =0\fontdimen 2\font
(fontspec)             \tex_hyphenchar:D \font =-1\scan_stop: 
(fontspec)             - 'bold italic' (b/it) with NFSS spec.:
(fontspec)             <->s*[0.8666631730804798]"[LibertinusMono-Regular.otf]/O
T:script=latn;language=dflt;extend=0.9;slant=0.2;+tnum;
(fontspec)             +lnum;embolden=3;"
(fontspec)             - 'bold italic small caps'  (b/scit) with NFSS spec.: 
(fontspec)             and font adjustment code:
(fontspec)             \fontdimen 2\font =1\fontdimen 2\font \fontdimen 3\font
(fontspec)             =0\fontdimen 3\font \fontdimen 4\font =0\fontdimen
(fontspec)             4\font \fontdimen 7\font =0\fontdimen 2\font
(fontspec)             \tex_hyphenchar:D \font =-1\scan_stop: 


Package fontspec Info: LibertinusMono-Regular scale = 0.8666631730804798.


Package fontspec Info: LibertinusMono-Regular scale = 0.8666631730804798.


Package fontspec Info: LibertinusMono-Regular scale = 0.8666631730804798.


Package fontspec Info: LibertinusMono-Regular scale = 0.8666631730804798.


Package fontspec Info: LibertinusMono-Regular scale = 0.8666631730804798.


Package fontspec Info: LibertinusMono-Regular scale = 0.8666631730804798.


Package fontspec Info: Font family 'LibertinusMono(1)' created for font
(fontspec)             'LibertinusMono' with options [RawFeature = {+tnum;
(fontspec)             +lnum},Scale = MatchLowercase,FakeStretch =
(fontspec)             0.9,UprightFont = *-Regular,ItalicFont =
(fontspec)             *-Regular,ItalicFeatures = {FakeSlant=0.2},SlantedFont
(fontspec)             = *-Regular,SlantedFeatures= {FakeSlant=0.2},BoldFont =
(fontspec)             *-Regular,BoldFeatures =
(fontspec)             {RawFeature={embolden=3}},BoldItalicFont =
(fontspec)             *-Regular,BoldItalicFeatures={FakeSlant=0.2,RawFeature={
embolden=3}},Extension
(fontspec)             = .otf].
(fontspec)              
(fontspec)              This font family consists of the following NFSS
(fontspec)             series/shapes:
(fontspec)              
(fontspec)             - 'normal' (m/n) with NFSS spec.:
(fontspec)             <->s*[0.8666631730804798]"[LibertinusMono-Regular.otf]/O
T:script=latn;language=dflt;extend=0.9;+tnum;
(fontspec)             +lnum;"
(fontspec)             - 'small caps'  (m/sc) with NFSS spec.: 
(fontspec)             - 'bold' (b/n) with NFSS spec.:
(fontspec)             <->s*[0.8666631730804798]"[LibertinusMono-Regular.otf]/O
T:script=latn;language=dflt;extend=0.9;+tnum;
(fontspec)             +lnum;embolden=3;"
(fontspec)             - 'bold small caps'  (b/sc) with NFSS spec.: 
(fontspec)             - 'italic' (m/it) with NFSS spec.:
(fontspec)             <->s*[0.8666631730804798]"[LibertinusMono-Regular.otf]/O
T:script=latn;language=dflt;extend=0.9;slant=0.2;+tnum;
(fontspec)             +lnum;"
(fontspec)             - 'italic small caps'  (m/scit) with NFSS spec.: 
(fontspec)             - 'slanted' (m/sl) with NFSS spec.:
(fontspec)             <->s*[0.8666631730804798]"[LibertinusMono-Regular.otf]/O
T:script=latn;language=dflt;extend=0.9;slant=0.2;+tnum;
(fontspec)             +lnum;"
(fontspec)             - 'slanted small caps'  (m/scsl) with NFSS spec.: 
(fontspec)             - 'bold italic' (b/it) with NFSS spec.:
(fontspec)             <->s*[0.8666631730804798]"[LibertinusMono-Regular.otf]/O
T:script=latn;language=dflt;extend=0.9;slant=0.2;+tnum;
(fontspec)             +lnum;embolden=3;"
(fontspec)             - 'bold italic small caps'  (b/scit) with NFSS spec.: 

LaTeX Font Info:    Overwriting math alphabet `\mathtt' in version `normal'
(Font)                  OT1/cmtt/m/n --> TU/LibertinusMono(1)/m/n on input line
 250.
LaTeX Font Info:    Overwriting math alphabet `\mathtt' in version `bold'
(Font)                  OT1/cmtt/m/n --> TU/LibertinusMono(1)/b/n on input line
 250.
*************************************
* Using libertinus math *
*************************************
Requested font "[LibertinusMath-Regular.otf]/OT" at 9.99997pt
 -> /usr/share/texlive/texmf-dist/fonts/opentype/public/libertinus-fonts/Libert
inusMath-Regular.otf
Requested font "[LibertinusMath-Regular.otf]/OT" at 10.00003pt
 -> /usr/share/texlive/texmf-dist/fonts/opentype/public/libertinus-fonts/Libert
inusMath-Regular.otf
Requested font "[LibertinusMath-Regular.otf]/OT:script=math;language=dflt;" at 
10.00003pt
 -> /usr/share/texlive/texmf-dist/fonts/opentype/public/libertinus-fonts/Libert
inusMath-Regular.otf

Package fontspec Info: Font family 'LibertinusMath-Regular.otf(0)' created for
(fontspec)             font 'LibertinusMath-Regular.otf' with options
(fontspec)             [BoldItalicFont={},ItalicFont={},SmallCapsFont={},Script
=Math,RawFeature={}].
(fontspec)              
(fontspec)              This font family consists of the following NFSS
(fontspec)             series/shapes:
(fontspec)              
(fontspec)             - 'normal' (m/n) with NFSS spec.:
(fontspec)             <->"[LibertinusMath-Regular.otf]/OT:script=math;language
=dflt;;"
(fontspec)             - 'small caps'  (m/sc) with NFSS spec.: 

Requested font "[LibertinusMath-Regular.otf]/OT:script=math;language=dflt;;" at
 10.0pt
Unknown feature `' in font `[LibertinusMath-Regular.otf]/OT:script=math;languag
e=dflt;;'.
 -> /usr/share/texlive/texmf-dist/fonts/opentype/public/libertinus-fonts/Libert
inusMath-Regular.otf

Package fontspec Info: Font family 'LibertinusMath-Regular.otf(1)' created for
(fontspec)             font 'LibertinusMath-Regular.otf' with options
(fontspec)             [BoldItalicFont={},ItalicFont={},SmallCapsFont={},Script
=Math,SizeFeatures={{Size=9-},{Size=7-9,Font=LibertinusMath-Regular.otf,Style=M
athScript},{Size=-7,Font=LibertinusMath-Regular.otf,Style=MathScriptScript}},Ra
wFeature={}].
(fontspec)              
(fontspec)              This font family consists of the following NFSS
(fontspec)             series/shapes:
(fontspec)              
(fontspec)             - 'normal' (m/n) with NFSS spec.:
(fontspec)             <9->"[LibertinusMath-Regular.otf]/OT:script=math;languag
e=dflt;;"<7-9>"[LibertinusMath-Regular.otf]/OT:script=math;language=dflt;;+ssty
=0;"<-7>"[LibertinusMath-Regular.otf]/OT:script=math;language=dflt;;+ssty=1;"
(fontspec)             - 'small caps'  (m/sc) with NFSS spec.: 

LaTeX Font Info:    Encoding `OT1' has changed to `TU' for symbol font
(Font)              `operators' in the math version `normal' on input line 428.

LaTeX Font Info:    Overwriting symbol font `operators' in version `normal'
(Font)                  OT1/cmr/m/n --> TU/LibertinusMath-Regular.otf(1)/m/n on
 input line 428.
LaTeX Font Info:    Encoding `OT1' has changed to `TU' for symbol font
(Font)              `operators' in the math version `bold' on input line 428.
LaTeX Font Info:    Overwriting symbol font `operators' in version `bold'
(Font)                  OT1/cmr/bx/n --> TU/LibertinusMath-Regular.otf(1)/b/n o
n input line 428.

Package fontspec Info: LibertinusMath-Regular scale = 1.0001.


Package fontspec Info: LibertinusMath-Regular scale = 1.0001.


Package fontspec Info: LibertinusMath-Regular scale = 1.0001.


Package fontspec Info: LibertinusMath-Regular scale = 1.0001.


Package fontspec Info: Font family 'LibertinusMath-Regular.otf(2)' created for
(fontspec)             font 'LibertinusMath-Regular.otf' with options
(fontspec)             [BoldItalicFont={},ItalicFont={},SmallCapsFont={},Script
=Math,SizeFeatures={{Size=9-},{Size=7-9,Font=LibertinusMath-Regular.otf,Style=M
athScript},{Size=-7,Font=LibertinusMath-Regular.otf,Style=MathScriptScript}},Ra
wFeature={},ScaleAgain=1.0001,FontAdjustment={\fontdimen
(fontspec)             8\font =5.8pt\relax \fontdimen 9\font =4.8pt\relax
(fontspec)             \fontdimen 10\font =4.7pt\relax \fontdimen 11\font
(fontspec)             =7.0pt\relax \fontdimen 12\font =4.8pt\relax \fontdimen
(fontspec)             13\font =3.75pt\relax \fontdimen 14\font =3.75pt\relax
(fontspec)             \fontdimen 15\font =3.1pt\relax \fontdimen 16\font
(fontspec)             =2.1pt\relax \fontdimen 17\font =2.1pt\relax \fontdimen
(fontspec)             18\font =2.3pt\relax \fontdimen 19\font =0.45pt\relax
(fontspec)             \fontdimen 22\font =2.6pt\relax \fontdimen 20\font
(fontspec)             =0pt\relax \fontdimen 21\font =0pt\relax }].
(fontspec)              
(fontspec)              This font family consists of the following NFSS
(fontspec)             series/shapes:
(fontspec)              
(fontspec)             - 'normal' (m/n) with NFSS spec.:
(fontspec)             <9->s*[1.0001]"[LibertinusMath-Regular.otf]/OT:script=ma
th;language=dflt;;"<7-9>s*[1.0001]"[LibertinusMath-Regular.otf]/OT:script=math;
language=dflt;;+ssty=0;"<-7>s*[1.0001]"[LibertinusMath-Regular.otf]/OT:script=m
ath;language=dflt;;+ssty=1;"
(fontspec)             - 'small caps'  (m/sc) with NFSS spec.: 
(fontspec)             and font adjustment code:
(fontspec)             \fontdimen 8\font =5.8pt\relax \fontdimen 9\font
(fontspec)             =4.8pt\relax \fontdimen 10\font =4.7pt\relax \fontdimen
(fontspec)             11\font =7.0pt\relax \fontdimen 12\font =4.8pt\relax
(fontspec)             \fontdimen 13\font =3.75pt\relax \fontdimen 14\font
(fontspec)             =3.75pt\relax \fontdimen 15\font =3.1pt\relax
(fontspec)             \fontdimen 16\font =2.1pt\relax \fontdimen 17\font
(fontspec)             =2.1pt\relax \fontdimen 18\font =2.3pt\relax \fontdimen
(fontspec)             19\font =0.45pt\relax \fontdimen 22\font =2.6pt\relax
(fontspec)             \fontdimen 20\font =0pt\relax \fontdimen 21\font
(fontspec)             =0pt\relax 

LaTeX Font Info:    Encoding `OMS' has changed to `TU' for symbol font
(Font)              `symbols' in the math version `normal' on input line 428.
LaTeX Font Info:    Overwriting symbol font `symbols' in version `normal'
(Font)                  OMS/cmsy/m/n --> TU/LibertinusMath-Regular.otf(2)/m/n o
n input line 428.
LaTeX Font Info:    Encoding `OMS' has changed to `TU' for symbol font
(Font)              `symbols' in the math version `bold' on input line 428.
LaTeX Font Info:    Overwriting symbol font `symbols' in version `bold'
(Font)                  OMS/cmsy/b/n --> TU/LibertinusMath-Regular.otf(2)/b/n o
n input line 428.

Package fontspec Info: LibertinusMath-Regular scale = 0.9999.


Package fontspec Info: LibertinusMath-Regular scale = 0.9999.


Package fontspec Info: LibertinusMath-Regular scale = 0.9999.


Package fontspec Info: LibertinusMath-Regular scale = 0.9999.


Package fontspec Info: Font family 'LibertinusMath-Regular.otf(3)' created for
(fontspec)             font 'LibertinusMath-Regular.otf' with options
(fontspec)             [BoldItalicFont={},ItalicFont={},SmallCapsFont={},Script
=Math,SizeFeatures={{Size=9-},{Size=7-9,Font=LibertinusMath-Regular.otf,Style=M
athScript},{Size=-7,Font=LibertinusMath-Regular.otf,Style=MathScriptScript}},Ra
wFeature={},ScaleAgain=0.9999,FontAdjustment={\fontdimen
(fontspec)             8\font =0.65pt\relax \fontdimen 9\font =1.5pt\relax
(fontspec)             \fontdimen 10\font =1.5pt\relax \fontdimen 11\font
(fontspec)             =2.5pt\relax \fontdimen 12\font =6.2pt\relax \fontdimen
(fontspec)             13\font =0pt\relax }].
(fontspec)              
(fontspec)              This font family consists of the following NFSS
(fontspec)             series/shapes:
(fontspec)              
(fontspec)             - 'normal' (m/n) with NFSS spec.:
(fontspec)             <9->s*[0.9999]"[LibertinusMath-Regular.otf]/OT:script=ma
th;language=dflt;;"<7-9>s*[0.9999]"[LibertinusMath-Regular.otf]/OT:script=math;
language=dflt;;+ssty=0;"<-7>s*[0.9999]"[LibertinusMath-Regular.otf]/OT:script=m
ath;language=dflt;;+ssty=1;"
(fontspec)             - 'small caps'  (m/sc) with NFSS spec.: 
(fontspec)             and font adjustment code:
(fontspec)             \fontdimen 8\font =0.65pt\relax \fontdimen 9\font
(fontspec)             =1.5pt\relax \fontdimen 10\font =1.5pt\relax \fontdimen
(fontspec)             11\font =2.5pt\relax \fontdimen 12\font =6.2pt\relax
(fontspec)             \fontdimen 13\font =0pt\relax 

LaTeX Font Info:    Encoding `OMX' has changed to `TU' for symbol font
(Font)              `largesymbols' in the math version `normal' on input line 4
28.
LaTeX Font Info:    Overwriting symbol font `largesymbols' in version `normal'
(Font)                  OMX/cmex/m/n --> TU/LibertinusMath-Regular.otf(3)/m/n o
n input line 428.
LaTeX Font Info:    Encoding `OMX' has changed to `TU' for symbol font
(Font)              `largesymbols' in the math version `bold' on input line 428
.
LaTeX Font Info:    Overwriting symbol font `largesymbols' in version `bold'
(Font)                  OMX/cmex/m/n --> TU/LibertinusMath-Regular.otf(3)/b/n o
n input line 428.
LaTeX Font Info:    Redeclaring math version `bold' on input line 430.

Package fontspec Info: Font family 'LibertinusMath-Regular.otf(4)' created for
(fontspec)             font 'LibertinusMath-Regular.otf' with options
(fontspec)             [BoldItalicFont={},ItalicFont={},SmallCapsFont={},Script
=Math,RawFeature={embolden=3,}].
(fontspec)              
(fontspec)              This font family consists of the following NFSS
(fontspec)             series/shapes:
(fontspec)              
(fontspec)             - 'normal' (m/n) with NFSS spec.:
(fontspec)             <->"[LibertinusMath-Regular.otf]/OT:script=math;language
=dflt;embolden=3,;"
(fontspec)             - 'small caps'  (m/sc) with NFSS spec.: 

Requested font "[LibertinusMath-Regular.otf]/OT:script=math;language=dflt;embol
den=3,;" at 10.0pt
Unknown feature `' in font `[LibertinusMath-Regular.otf]/OT:script=math;languag
e=dflt;embolden=3,;'.
 -> /usr/share/texlive/texmf-dist/fonts/opentype/public/libertinus-fonts/Libert
inusMath-Regular.otf

Package fontspec Info: Font family 'LibertinusMath-Regular.otf(5)' created for
(fontspec)             font 'LibertinusMath-Regular.otf' with options
(fontspec)             [BoldItalicFont={},ItalicFont={},SmallCapsFont={},Script
=Math,SizeFeatures={{Size=9-},{Size=7-9,Font=LibertinusMath-Regular.otf,Style=M
athScript},{Size=-7,Font=LibertinusMath-Regular.otf,Style=MathScriptScript}},Ra
wFeature={embolden=3,}].
(fontspec)              
(fontspec)              This font family consists of the following NFSS
(fontspec)             series/shapes:
(fontspec)              
(fontspec)             - 'normal' (m/n) with NFSS spec.:
(fontspec)             <9->"[LibertinusMath-Regular.otf]/OT:script=math;languag
e=dflt;embolden=3,;"<7-9>"[LibertinusMath-Regular.otf]/OT:script=math;language=
dflt;embolden=3,;+ssty=0;"<-7>"[LibertinusMath-Regular.otf]/OT:script=math;lang
uage=dflt;embolden=3,;+ssty=1;"
(fontspec)             - 'small caps'  (m/sc) with NFSS spec.: 

LaTeX Font Info:    Encoding `OT1' has changed to `TU' for symbol font
(Font)              `operators' in the math version `bold' on input line 430.
LaTeX Font Info:    Overwriting symbol font `operators' in version `bold'
(Font)                  OT1/cmr/m/n --> TU/LibertinusMath-Regular.otf(5)/m/n on
 input line 430.

Package fontspec Info: LibertinusMath-Regular scale = 1.0001.


Package fontspec Info: LibertinusMath-Regular scale = 1.0001.


Package fontspec Info: LibertinusMath-Regular scale = 1.0001.


Package fontspec Info: LibertinusMath-Regular scale = 1.0001.


Package fontspec Info: Font family 'LibertinusMath-Regular.otf(6)' created for
(fontspec)             font 'LibertinusMath-Regular.otf' with options
(fontspec)             [BoldItalicFont={},ItalicFont={},SmallCapsFont={},Script
=Math,SizeFeatures={{Size=9-},{Size=7-9,Font=LibertinusMath-Regular.otf,Style=M
athScript},{Size=-7,Font=LibertinusMath-Regular.otf,Style=MathScriptScript}},Ra
wFeature={embolden=3,},ScaleAgain=1.0001,FontAdjustment={\fontdimen
(fontspec)             8\font =5.8pt\relax \fontdimen 9\font =4.8pt\relax
(fontspec)             \fontdimen 10\font =4.7pt\relax \fontdimen 11\font
(fontspec)             =7.0pt\relax \fontdimen 12\font =4.8pt\relax \fontdimen
(fontspec)             13\font =3.75pt\relax \fontdimen 14\font =3.75pt\relax
(fontspec)             \fontdimen 15\font =3.1pt\relax \fontdimen 16\font
(fontspec)             =2.1pt\relax \fontdimen 17\font =2.1pt\relax \fontdimen
(fontspec)             18\font =2.3pt\relax \fontdimen 19\font =0.45pt\relax
(fontspec)             \fontdimen 22\font =2.6pt\relax \fontdimen 20\font
(fontspec)             =0pt\relax \fontdimen 21\font =0pt\relax }].
(fontspec)              
(fontspec)              This font family consists of the following NFSS
(fontspec)             series/shapes:
(fontspec)              
(fontspec)             - 'normal' (m/n) with NFSS spec.:
(fontspec)             <9->s*[1.0001]"[LibertinusMath-Regular.otf]/OT:script=ma
th;language=dflt;embolden=3,;"<7-9>s*[1.0001]"[LibertinusMath-Regular.otf]/OT:s
cript=math;language=dflt;embolden=3,;+ssty=0;"<-7>s*[1.0001]"[LibertinusMath-Re
gular.otf]/OT:script=math;language=dflt;embolden=3,;+ssty=1;"
(fontspec)             - 'small caps'  (m/sc) with NFSS spec.: 
(fontspec)             and font adjustment code:
(fontspec)             \fontdimen 8\font =5.8pt\relax \fontdimen 9\font
(fontspec)             =4.8pt\relax \fontdimen 10\font =4.7pt\relax \fontdimen
(fontspec)             11\font =7.0pt\relax \fontdimen 12\font =4.8pt\relax
(fontspec)             \fontdimen 13\font =3.75pt\relax \fontdimen 14\font
(fontspec)             =3.75pt\relax \fontdimen 15\font =3.1pt\relax
(fontspec)             \fontdimen 16\font =2.1pt\relax \fontdimen 17\font
(fontspec)             =2.1pt\relax \fontdimen 18\font =2.3pt\relax \fontdimen
(fontspec)             19\font =0.45pt\relax \fontdimen 22\font =2.6pt\relax
(fontspec)             \fontdimen 20\font =0pt\relax \fontdimen 21\font
(fontspec)             =0pt\relax 

LaTeX Font Info:    Encoding `OMS' has changed to `TU' for symbol font
(Font)              `symbols' in the math version `bold' on input line 430.
LaTeX Font Info:    Overwriting symbol font `symbols' in version `bold'
(Font)                  OMS/cmsy/m/n --> TU/LibertinusMath-Regular.otf(6)/m/n o
n input line 430.

Package fontspec Info: LibertinusMath-Regular scale = 0.9999.


Package fontspec Info: LibertinusMath-Regular scale = 0.9999.


Package fontspec Info: LibertinusMath-Regular scale = 0.9999.


Package fontspec Info: LibertinusMath-Regular scale = 0.9999.


Package fontspec Info: Font family 'LibertinusMath-Regular.otf(7)' created for
(fontspec)             font 'LibertinusMath-Regular.otf' with options
(fontspec)             [BoldItalicFont={},ItalicFont={},SmallCapsFont={},Script
=Math,SizeFeatures={{Size=9-},{Size=7-9,Font=LibertinusMath-Regular.otf,Style=M
athScript},{Size=-7,Font=LibertinusMath-Regular.otf,Style=MathScriptScript}},Ra
wFeature={embolden=3,},ScaleAgain=0.9999,FontAdjustment={\fontdimen
(fontspec)             8\font =0.65pt\relax \fontdimen 9\font =1.5pt\relax
(fontspec)             \fontdimen 10\font =1.5pt\relax \fontdimen 11\font
(fontspec)             =2.5pt\relax \fontdimen 12\font =6.2pt\relax \fontdimen
(fontspec)             13\font =0pt\relax }].
(fontspec)              
(fontspec)              This font family consists of the following NFSS
(fontspec)             series/shapes:
(fontspec)              
(fontspec)             - 'normal' (m/n) with NFSS spec.:
(fontspec)             <9->s*[0.9999]"[LibertinusMath-Regular.otf]/OT:script=ma
th;language=dflt;embolden=3,;"<7-9>s*[0.9999]"[LibertinusMath-Regular.otf]/OT:s
cript=math;language=dflt;embolden=3,;+ssty=0;"<-7>s*[0.9999]"[LibertinusMath-Re
gular.otf]/OT:script=math;language=dflt;embolden=3,;+ssty=1;"
(fontspec)             - 'small caps'  (m/sc) with NFSS spec.: 
(fontspec)             and font adjustment code:
(fontspec)             \fontdimen 8\font =0.65pt\relax \fontdimen 9\font
(fontspec)             =1.5pt\relax \fontdimen 10\font =1.5pt\relax \fontdimen
(fontspec)             11\font =2.5pt\relax \fontdimen 12\font =6.2pt\relax
(fontspec)             \fontdimen 13\font =0pt\relax 

LaTeX Font Info:    Encoding `OMX' has changed to `TU' for symbol font
(Font)              `largesymbols' in the math version `bold' on input line 430
.
LaTeX Font Info:    Overwriting symbol font `largesymbols' in version `bold'
(Font)                  OMX/cmex/m/n --> TU/LibertinusMath-Regular.otf(7)/m/n o
n input line 430.
Requested font "[LibertinusKeyboard-Regular.otf]" scaled 1000
 -> /usr/share/texlive/texmf-dist/fonts/opentype/public/libertinus-fonts/Libert
inusKeyboard-Regular.otf
Requested font "[LibertinusSerifDisplay-Regular.otf]/OT" at 9.99997pt
 -> /usr/share/texlive/texmf-dist/fonts/opentype/public/libertinus-fonts/Libert
inusSerifDisplay-Regular.otf
Requested font "[LibertinusSerifDisplay-Regular.otf]/OT" at 10.00003pt
 -> /usr/share/texlive/texmf-dist/fonts/opentype/public/libertinus-fonts/Libert
inusSerifDisplay-Regular.otf
Requested font "[LibertinusSerifDisplay-Regular.otf]/OT:script=latn;language=df
lt;" at 10.00003pt
 -> /usr/share/texlive/texmf-dist/fonts/opentype/public/libertinus-fonts/Libert
inusSerifDisplay-Regular.otf

Package fontspec Info: Font family 'LibertinusSerifDisplay-Regular.otf(0)'
(fontspec)             created for font 'LibertinusSerifDisplay-Regular.otf'
(fontspec)             with options [].
(fontspec)              
(fontspec)              This font family consists of the following NFSS
(fontspec)             series/shapes:
(fontspec)              
(fontspec)             - 'normal' (m/n) with NFSS spec.:
(fontspec)             <->"[LibertinusSerifDisplay-Regular.otf]/OT:script=latn;
language=dflt;"
(fontspec)             - 'small caps'  (m/sc) with NFSS spec.: 

Requested font "[LibertinusSerifInitials-Regular.otf]/OT" at 9.99997pt
 -> /usr/share/texlive/texmf-dist/fonts/opentype/public/libertinus-fonts/Libert
inusSerifInitials-Regular.otf
Requested font "[LibertinusSerifInitials-Regular.otf]/OT" at 10.00003pt
 -> /usr/share/texlive/texmf-dist/fonts/opentype/public/libertinus-fonts/Libert
inusSerifInitials-Regular.otf
Requested font "[LibertinusSerifInitials-Regular.otf]/OT:language=dflt;" at 10.
00003pt
 -> /usr/share/texlive/texmf-dist/fonts/opentype/public/libertinus-fonts/Libert
inusSerifInitials-Regular.otf

Package fontspec Info: Font family 'LibertinusSerifInitials-Regular.otf(0)'
(fontspec)             created for font 'LibertinusSerifInitials-Regular.otf'
(fontspec)             with options [].
(fontspec)              
(fontspec)              This font family consists of the following NFSS
(fontspec)             series/shapes:
(fontspec)              
(fontspec)             - 'normal' (m/n) with NFSS spec.:
(fontspec)             <->"[LibertinusSerifInitials-Regular.otf]/OT:language=df
lt;"
(fontspec)             - 'small caps'  (m/sc) with NFSS spec.: 

)) (/usr/share/texlive/texmf-dist/tex/latex/upquote/upquote.sty
Package: upquote 2012/04/19 v1.3 upright-quote and grave-accent glyphs in verba
tim
) (/usr/share/texlive/texmf-dist/tex/latex/microtype/microtype.sty
Package: microtype 2021/12/10 v3.0b Micro-typographical refinements (RS)
(/usr/share/texlive/texmf-dist/tex/latex/etoolbox/etoolbox.sty
Package: etoolbox 2020/10/05 v2.5k e-TeX tools for LaTeX (JAW)
\etb@tempcnta=\count290
)
\MT@toks=\toks23
\MT@count=\count291
\MT@tempbox=\box53
LaTeX Info: Redefining \leftprotrusion on input line 1010.
LaTeX Info: Redefining \rightprotrusion on input line 1018.
LaTeX Info: Redefining \textls on input line 1173.
\MT@outer@kern=\dimen151
LaTeX Info: Redefining \textmicrotypecontext on input line 1759.
\MT@listname@count=\count292
(/usr/share/texlive/texmf-dist/tex/latex/microtype/microtype-xetex.def
File: microtype-xetex.def 2021/12/10 v3.0b Definitions specific to xetex (RS)
LaTeX Info: Redefining \lsstyle on input line 234.
)
Package microtype Info: Loading configuration file microtype.cfg.
(/usr/share/texlive/texmf-dist/tex/latex/microtype/microtype.cfg
File: microtype.cfg 2021/12/10 v3.0b microtype main configuration file (RS)
)) (/usr/share/texlive/texmf-dist/tex/latex/parskip/parskip.sty
Package: parskip 2021-03-14 v2.0h non-zero parskip adjustments
(/usr/share/texlive/texmf-dist/tex/latex/kvoptions/kvoptions.sty
Package: kvoptions 2020-10-07 v3.14 Key value format for package options (HO)
(/usr/share/texlive/texmf-dist/tex/generic/ltxcmds/ltxcmds.sty
Package: ltxcmds 2020-05-10 v1.25 LaTeX kernel commands for general use (HO)
) (/usr/share/texlive/texmf-dist/tex/generic/kvsetkeys/kvsetkeys.sty
Package: kvsetkeys 2019/12/15 v1.18 Key value parser (HO)
))) (/usr/share/texlive/texmf-dist/tex/latex/xcolor/xcolor.sty
Package: xcolor 2021/10/31 v2.13 LaTeX color extensions (UK)
(/usr/share/texlive/texmf-dist/tex/latex/graphics-cfg/color.cfg
File: color.cfg 2016/01/02 v1.6 sample color configuration
)
Package xcolor Info: Driver file: xetex.def on input line 227.
(/usr/share/texlive/texmf-dist/tex/latex/graphics-def/xetex.def
File: xetex.def 2021/03/18 v5.0k Graphics/color driver for xetex
)
Package xcolor Info: Model `cmy' substituted by `cmy0' on input line 1352.
Package xcolor Info: Model `RGB' extended on input line 1368.
Package xcolor Info: Model `HTML' substituted by `rgb' on input line 1370.
Package xcolor Info: Model `Hsb' substituted by `hsb' on input line 1371.
Package xcolor Info: Model `tHsb' substituted by `hsb' on input line 1372.
Package xcolor Info: Model `HSB' substituted by `hsb' on input line 1373.
Package xcolor Info: Model `Gray' substituted by `gray' on input line 1374.
Package xcolor Info: Model `wave' substituted by `hsb' on input line 1375.
(/usr/share/texlive/texmf-dist/tex/latex/graphics/dvipsnam.def
File: dvipsnam.def 2016/06/17 v3.0m Driver-dependent file (DPC,SPQR)
) (/usr/share/texlive/texmf-dist/tex/latex/xcolor/svgnam.def
File: svgnam.def 2021/10/31 v2.13 Predefined colors according to SVG 1.1 (UK)
) (/usr/share/texlive/texmf-dist/tex/latex/xcolor/x11nam.def
File: x11nam.def 2021/10/31 v2.13 Predefined colors according to Unix/X11 (UK)
)) (/usr/share/texlive/texmf-dist/tex/latex/geometry/geometry.sty
Package: geometry 2020/01/02 v5.9 Page Geometry
(/usr/share/texlive/texmf-dist/tex/generic/iftex/ifvtex.sty
Package: ifvtex 2019/10/25 v1.7 ifvtex legacy package. Use iftex instead.
)
\Gm@cnth=\count293
\Gm@cntv=\count294
\c@Gm@tempcnt=\count295
\Gm@bindingoffset=\dimen152
\Gm@wd@mp=\dimen153
\Gm@odd@mp=\dimen154
\Gm@even@mp=\dimen155
\Gm@layoutwidth=\dimen156
\Gm@layoutheight=\dimen157
\Gm@layouthoffset=\dimen158
\Gm@layoutvoffset=\dimen159
\Gm@dimlist=\toks24
) (/usr/share/texlive/texmf-dist/tex/latex/tools/longtable.sty
Package: longtable 2021-09-01 v4.17 Multi-page Table package (DPC)
\LTleft=\skip52
\LTright=\skip53
\LTpre=\skip54
\LTpost=\skip55
\LTchunksize=\count296
\LTcapwidth=\dimen160
\LT@head=\box54
\LT@firsthead=\box55
\LT@foot=\box56
\LT@lastfoot=\box57
\LT@gbox=\box58
\LT@cols=\count297
\LT@rows=\count298
\c@LT@tables=\count299
\c@LT@chunks=\count300
\LT@p@ftn=\toks25
) (/usr/share/texlive/texmf-dist/tex/latex/booktabs/booktabs.sty
Package: booktabs 2020/01/12 v1.61803398 Publication quality tables
\heavyrulewidth=\dimen161
\lightrulewidth=\dimen162
\cmidrulewidth=\dimen163
\belowrulesep=\dimen164
\belowbottomsep=\dimen165
\aboverulesep=\dimen166
\abovetopsep=\dimen167
\cmidrulesep=\dimen168
\cmidrulekern=\dimen169
\defaultaddspace=\dimen170
\@cmidla=\count301
\@cmidlb=\count302
\@aboverulesep=\dimen171
\@belowrulesep=\dimen172
\@thisruleclass=\count303
\@lastruleclass=\count304
\@thisrulewidth=\dimen173
) (/usr/share/texlive/texmf-dist/tex/latex/tools/array.sty
Package: array 2021/10/04 v2.5f Tabular extension package (FMi)
\col@sep=\dimen174
\ar@mcellbox=\box59
\extrarowheight=\dimen175
\NC@list=\toks26
\extratabsurround=\skip56
\backup@length=\skip57
\ar@cellbox=\box60
) (/usr/share/texlive/texmf-dist/tex/latex/tools/calc.sty
Package: calc 2017/05/25 v4.3 Infix arithmetic (KKT,FJ)
\calc@Acount=\count305
\calc@Bcount=\count306
\calc@Adimen=\dimen176
\calc@Bdimen=\dimen177
\calc@Askip=\skip58
\calc@Bskip=\skip59
LaTeX Info: Redefining \setlength on input line 80.
LaTeX Info: Redefining \addtolength on input line 81.
\calc@Ccount=\count307
\calc@Cskip=\skip60
) (/usr/share/texlive/texmf-dist/tex/latex/footnotehyper/footnotehyper.sty
Package: footnotehyper 2021/08/13 v1.1e hyperref aware footnote.sty (JFB)
\FNH@notes=\box61
\FNH@width=\dimen178
\FNH@toks=\toks27
) (/usr/share/texlive/texmf-dist/tex/latex/graphics/graphicx.sty
Package: graphicx 2021/09/16 v1.2d Enhanced LaTeX Graphics (DPC,SPQR)
(/usr/share/texlive/texmf-dist/tex/latex/graphics/graphics.sty
Package: graphics 2021/03/04 v1.4d Standard LaTeX Graphics (DPC,SPQR)
(/usr/share/texlive/texmf-dist/tex/latex/graphics/trig.sty
Package: trig 2021/08/11 v1.11 sin cos tan (DPC)
) (/usr/share/texlive/texmf-dist/tex/latex/graphics-cfg/graphics.cfg
File: graphics.cfg 2016/06/04 v1.11 sample graphics configuration
)
Package graphics Info: Driver file: xetex.def on input line 107.
)
\Gin@req@height=\dimen179
\Gin@req@width=\dimen180
)
\cslhangindent=\skip61
\csllabelwidth=\skip62
\cslentryspacingunit=\skip63
(/usr/share/texlive/texmf-dist/tex/latex/caption/caption.sty
Package: caption 2020/10/26 v3.5g Customizing captions (AR)
(/usr/share/texlive/texmf-dist/tex/latex/caption/caption3.sty
Package: caption3 2020/10/21 v2.2e caption3 kernel (AR)
\captionmargin=\dimen181
\captionmargin@=\dimen182
\captionwidth=\dimen183
\caption@tempdima=\dimen184
\caption@indent=\dimen185
\caption@parindent=\dimen186
\caption@hangindent=\dimen187
Package caption Info: Standard document class detected.
)
\c@caption@flags=\count308
\c@continuedfloat=\count309
Package caption Info: longtable package is loaded.
(/usr/share/texlive/texmf-dist/tex/latex/caption/ltcaption.sty
Package: ltcaption 2020/05/30 v1.4b longtable captions (AR)
)) (/usr/share/texlive/texmf-dist/tex/latex/float/float.sty
Package: float 2001/11/08 v1.3d Float enhancements (AL)
\c@float@type=\count310
\float@exts=\toks28
\float@box=\box62
\@float@everytoks=\toks29
\@floatcapt=\box63
)
\@float@every@codelisting=\toks30
\c@codelisting=\count311
(/usr/share/texlive/texmf-dist/tex/latex/caption/subcaption.sty
Package: subcaption 2020/10/07 v1.3j Sub-captions (AR)
\c@subfigure=\count312
\c@subtable=\count313
) (/usr/share/texlive/texmf-dist/tex/latex/tcolorbox/tcolorbox.sty
Package: tcolorbox 2022/01/07 version 5.0.2 text color boxes
(/usr/share/texlive/texmf-dist/tex/latex/pgf/basiclayer/pgf.sty (/usr/share/tex
live/texmf-dist/tex/latex/pgf/utilities/pgfrcs.sty (/usr/share/texlive/texmf-di
st/tex/generic/pgf/utilities/pgfutil-common.tex
\pgfutil@everybye=\toks31
\pgfutil@tempdima=\dimen188
\pgfutil@tempdimb=\dimen189

(/usr/share/texlive/texmf-dist/tex/generic/pgf/utilities/pgfutil-common-lists.t
ex)) (/usr/share/texlive/texmf-dist/tex/generic/pgf/utilities/pgfutil-latex.def
\pgfutil@abb=\box64
) (/usr/share/texlive/texmf-dist/tex/generic/pgf/utilities/pgfrcs.code.tex (/us
r/share/texlive/texmf-dist/tex/generic/pgf/pgf.revision.tex)
Package: pgfrcs 2021/05/15 v3.1.9a (3.1.9a)
))
Package: pgf 2021/05/15 v3.1.9a (3.1.9a)
(/usr/share/texlive/texmf-dist/tex/latex/pgf/basiclayer/pgfcore.sty (/usr/share
/texlive/texmf-dist/tex/latex/pgf/systemlayer/pgfsys.sty (/usr/share/texlive/te
xmf-dist/tex/generic/pgf/systemlayer/pgfsys.code.tex
Package: pgfsys 2021/05/15 v3.1.9a (3.1.9a)
(/usr/share/texlive/texmf-dist/tex/generic/pgf/utilities/pgfkeys.code.tex
\pgfkeys@pathtoks=\toks32
\pgfkeys@temptoks=\toks33

(/usr/share/texlive/texmf-dist/tex/generic/pgf/utilities/pgfkeysfiltered.code.t
ex
\pgfkeys@tmptoks=\toks34
))
\pgf@x=\dimen190
\pgf@y=\dimen191
\pgf@xa=\dimen192
\pgf@ya=\dimen193
\pgf@xb=\dimen194
\pgf@yb=\dimen195
\pgf@xc=\dimen196
\pgf@yc=\dimen197
\pgf@xd=\dimen198
\pgf@yd=\dimen199
\w@pgf@writea=\write3
\r@pgf@reada=\read2
\c@pgf@counta=\count314
\c@pgf@countb=\count315
\c@pgf@countc=\count316
\c@pgf@countd=\count317
\t@pgf@toka=\toks35
\t@pgf@tokb=\toks36
\t@pgf@tokc=\toks37
\pgf@sys@id@count=\count318
(/usr/share/texlive/texmf-dist/tex/generic/pgf/systemlayer/pgf.cfg
File: pgf.cfg 2021/05/15 v3.1.9a (3.1.9a)
)
Driver file for pgf: pgfsys-xetex.def
(/usr/share/texlive/texmf-dist/tex/generic/pgf/systemlayer/pgfsys-xetex.def
File: pgfsys-xetex.def 2021/05/15 v3.1.9a (3.1.9a)
(/usr/share/texlive/texmf-dist/tex/generic/pgf/systemlayer/pgfsys-dvipdfmx.def
File: pgfsys-dvipdfmx.def 2021/05/15 v3.1.9a (3.1.9a)

(/usr/share/texlive/texmf-dist/tex/generic/pgf/systemlayer/pgfsys-common-pdf.de
f
File: pgfsys-common-pdf.def 2021/05/15 v3.1.9a (3.1.9a)
)
\pgfsys@objnum=\count319
)))
(/usr/share/texlive/texmf-dist/tex/generic/pgf/systemlayer/pgfsyssoftpath.code.
tex
File: pgfsyssoftpath.code.tex 2021/05/15 v3.1.9a (3.1.9a)
\pgfsyssoftpath@smallbuffer@items=\count320
\pgfsyssoftpath@bigbuffer@items=\count321
)
(/usr/share/texlive/texmf-dist/tex/generic/pgf/systemlayer/pgfsysprotocol.code.
tex
File: pgfsysprotocol.code.tex 2021/05/15 v3.1.9a (3.1.9a)
)) (/usr/share/texlive/texmf-dist/tex/generic/pgf/basiclayer/pgfcore.code.tex
Package: pgfcore 2021/05/15 v3.1.9a (3.1.9a)
(/usr/share/texlive/texmf-dist/tex/generic/pgf/math/pgfmath.code.tex (/usr/shar
e/texlive/texmf-dist/tex/generic/pgf/math/pgfmathcalc.code.tex (/usr/share/texl
ive/texmf-dist/tex/generic/pgf/math/pgfmathutil.code.tex) (/usr/share/texlive/t
exmf-dist/tex/generic/pgf/math/pgfmathparser.code.tex
\pgfmath@dimen=\dimen256
\pgfmath@count=\count322
\pgfmath@box=\box65
\pgfmath@toks=\toks38
\pgfmath@stack@operand=\toks39
\pgfmath@stack@operation=\toks40
) (/usr/share/texlive/texmf-dist/tex/generic/pgf/math/pgfmathfunctions.code.tex

(/usr/share/texlive/texmf-dist/tex/generic/pgf/math/pgfmathfunctions.basic.code
.tex)
(/usr/share/texlive/texmf-dist/tex/generic/pgf/math/pgfmathfunctions.trigonomet
ric.code.tex)
(/usr/share/texlive/texmf-dist/tex/generic/pgf/math/pgfmathfunctions.random.cod
e.tex)
(/usr/share/texlive/texmf-dist/tex/generic/pgf/math/pgfmathfunctions.comparison
.code.tex)
(/usr/share/texlive/texmf-dist/tex/generic/pgf/math/pgfmathfunctions.base.code.
tex)
(/usr/share/texlive/texmf-dist/tex/generic/pgf/math/pgfmathfunctions.round.code
.tex)
(/usr/share/texlive/texmf-dist/tex/generic/pgf/math/pgfmathfunctions.misc.code.
tex)
(/usr/share/texlive/texmf-dist/tex/generic/pgf/math/pgfmathfunctions.integerari
thmetics.code.tex))) (/usr/share/texlive/texmf-dist/tex/generic/pgf/math/pgfmat
hfloat.code.tex
\c@pgfmathroundto@lastzeros=\count323
)) (/usr/share/texlive/texmf-dist/tex/generic/pgf/math/pgfint.code.tex)
(/usr/share/texlive/texmf-dist/tex/generic/pgf/basiclayer/pgfcorepoints.code.te
x
File: pgfcorepoints.code.tex 2021/05/15 v3.1.9a (3.1.9a)
\pgf@picminx=\dimen257
\pgf@picmaxx=\dimen258
\pgf@picminy=\dimen259
\pgf@picmaxy=\dimen260
\pgf@pathminx=\dimen261
\pgf@pathmaxx=\dimen262
\pgf@pathminy=\dimen263
\pgf@pathmaxy=\dimen264
\pgf@xx=\dimen265
\pgf@xy=\dimen266
\pgf@yx=\dimen267
\pgf@yy=\dimen268
\pgf@zx=\dimen269
\pgf@zy=\dimen270
)
(/usr/share/texlive/texmf-dist/tex/generic/pgf/basiclayer/pgfcorepathconstruct.
code.tex
File: pgfcorepathconstruct.code.tex 2021/05/15 v3.1.9a (3.1.9a)
\pgf@path@lastx=\dimen271
\pgf@path@lasty=\dimen272
)
(/usr/share/texlive/texmf-dist/tex/generic/pgf/basiclayer/pgfcorepathusage.code
.tex
File: pgfcorepathusage.code.tex 2021/05/15 v3.1.9a (3.1.9a)
\pgf@shorten@end@additional=\dimen273
\pgf@shorten@start@additional=\dimen274
)
(/usr/share/texlive/texmf-dist/tex/generic/pgf/basiclayer/pgfcorescopes.code.te
x
File: pgfcorescopes.code.tex 2021/05/15 v3.1.9a (3.1.9a)
\pgfpic=\box66
\pgf@hbox=\box67
\pgf@layerbox@main=\box68
\pgf@picture@serial@count=\count324
)
(/usr/share/texlive/texmf-dist/tex/generic/pgf/basiclayer/pgfcoregraphicstate.c
ode.tex
File: pgfcoregraphicstate.code.tex 2021/05/15 v3.1.9a (3.1.9a)
\pgflinewidth=\dimen275
)
(/usr/share/texlive/texmf-dist/tex/generic/pgf/basiclayer/pgfcoretransformation
s.code.tex
File: pgfcoretransformations.code.tex 2021/05/15 v3.1.9a (3.1.9a)
\pgf@pt@x=\dimen276
\pgf@pt@y=\dimen277
\pgf@pt@temp=\dimen278
)
(/usr/share/texlive/texmf-dist/tex/generic/pgf/basiclayer/pgfcorequick.code.tex
File: pgfcorequick.code.tex 2021/05/15 v3.1.9a (3.1.9a)
)
(/usr/share/texlive/texmf-dist/tex/generic/pgf/basiclayer/pgfcoreobjects.code.t
ex
File: pgfcoreobjects.code.tex 2021/05/15 v3.1.9a (3.1.9a)
)
(/usr/share/texlive/texmf-dist/tex/generic/pgf/basiclayer/pgfcorepathprocessing
.code.tex
File: pgfcorepathprocessing.code.tex 2021/05/15 v3.1.9a (3.1.9a)
)
(/usr/share/texlive/texmf-dist/tex/generic/pgf/basiclayer/pgfcorearrows.code.te
x
File: pgfcorearrows.code.tex 2021/05/15 v3.1.9a (3.1.9a)
\pgfarrowsep=\dimen279
)
(/usr/share/texlive/texmf-dist/tex/generic/pgf/basiclayer/pgfcoreshade.code.tex
File: pgfcoreshade.code.tex 2021/05/15 v3.1.9a (3.1.9a)
\pgf@max=\dimen280
\pgf@sys@shading@range@num=\count325
\pgf@shadingcount=\count326
)
(/usr/share/texlive/texmf-dist/tex/generic/pgf/basiclayer/pgfcoreimage.code.tex
File: pgfcoreimage.code.tex 2021/05/15 v3.1.9a (3.1.9a)

(/usr/share/texlive/texmf-dist/tex/generic/pgf/basiclayer/pgfcoreexternal.code.
tex
File: pgfcoreexternal.code.tex 2021/05/15 v3.1.9a (3.1.9a)
\pgfexternal@startupbox=\box69
))
(/usr/share/texlive/texmf-dist/tex/generic/pgf/basiclayer/pgfcorelayers.code.te
x
File: pgfcorelayers.code.tex 2021/05/15 v3.1.9a (3.1.9a)
)
(/usr/share/texlive/texmf-dist/tex/generic/pgf/basiclayer/pgfcoretransparency.c
ode.tex
File: pgfcoretransparency.code.tex 2021/05/15 v3.1.9a (3.1.9a)
)
(/usr/share/texlive/texmf-dist/tex/generic/pgf/basiclayer/pgfcorepatterns.code.
tex
File: pgfcorepatterns.code.tex 2021/05/15 v3.1.9a (3.1.9a)
) (/usr/share/texlive/texmf-dist/tex/generic/pgf/basiclayer/pgfcorerdf.code.tex
File: pgfcorerdf.code.tex 2021/05/15 v3.1.9a (3.1.9a)
)))
(/usr/share/texlive/texmf-dist/tex/generic/pgf/modules/pgfmoduleshapes.code.tex
File: pgfmoduleshapes.code.tex 2021/05/15 v3.1.9a (3.1.9a)
\pgfnodeparttextbox=\box70
) (/usr/share/texlive/texmf-dist/tex/generic/pgf/modules/pgfmoduleplot.code.tex
File: pgfmoduleplot.code.tex 2021/05/15 v3.1.9a (3.1.9a)
)
(/usr/share/texlive/texmf-dist/tex/latex/pgf/compatibility/pgfcomp-version-0-65
.sty
Package: pgfcomp-version-0-65 2021/05/15 v3.1.9a (3.1.9a)
\pgf@nodesepstart=\dimen281
\pgf@nodesepend=\dimen282
)
(/usr/share/texlive/texmf-dist/tex/latex/pgf/compatibility/pgfcomp-version-1-18
.sty
Package: pgfcomp-version-1-18 2021/05/15 v3.1.9a (3.1.9a)
)) (/usr/share/texlive/texmf-dist/tex/latex/tools/verbatim.sty
Package: verbatim 2020-07-07 v1.5u LaTeX2e package for verbatim enhancements
\every@verbatim=\toks41
\verbatim@line=\toks42
\verbatim@in@stream=\read3
) (/usr/share/texlive/texmf-dist/tex/latex/environ/environ.sty
Package: environ 2014/05/04 v0.3 A new way to define environments
(/usr/share/texlive/texmf-dist/tex/latex/trimspaces/trimspaces.sty
Package: trimspaces 2009/09/17 v1.1 Trim spaces around a token list
))
\tcb@titlebox=\box71
\tcb@upperbox=\box72
\tcb@lowerbox=\box73
\tcb@phantombox=\box74
\c@tcbbreakpart=\count327
\c@tcblayer=\count328
\c@tcolorbox@number=\count329
\tcb@temp=\box75
\tcb@temp=\box76
\tcb@temp=\box77
\tcb@temp=\box78
(/usr/share/texlive/texmf-dist/tex/latex/tcolorbox/tcbraster.code.tex
Library (tcolorbox): 'tcbraster.code.tex' version '5.0.2'
\c@tcbrastercolumn=\count330
\c@tcbrasterrow=\count331
\c@tcbrasternum=\count332
\c@tcbraster=\count333
) (/usr/share/texlive/texmf-dist/tex/latex/tcolorbox/tcbskins.code.tex
Library (tcolorbox): 'tcbskins.code.tex' version '5.0.2'
(/usr/share/texlive/texmf-dist/tex/latex/pgf/frontendlayer/tikz.sty (/usr/share
/texlive/texmf-dist/tex/latex/pgf/utilities/pgffor.sty (/usr/share/texlive/texm
f-dist/tex/latex/pgf/utilities/pgfkeys.sty (/usr/share/texlive/texmf-dist/tex/g
eneric/pgf/utilities/pgfkeys.code.tex)) (/usr/share/texlive/texmf-dist/tex/late
x/pgf/math/pgfmath.sty (/usr/share/texlive/texmf-dist/tex/generic/pgf/math/pgfm
ath.code.tex)) (/usr/share/texlive/texmf-dist/tex/generic/pgf/utilities/pgffor.
code.tex
Package: pgffor 2021/05/15 v3.1.9a (3.1.9a)
(/usr/share/texlive/texmf-dist/tex/generic/pgf/math/pgfmath.code.tex)
\pgffor@iter=\dimen283
\pgffor@skip=\dimen284
\pgffor@stack=\toks43
\pgffor@toks=\toks44
))
(/usr/share/texlive/texmf-dist/tex/generic/pgf/frontendlayer/tikz/tikz.code.tex
Package: tikz 2021/05/15 v3.1.9a (3.1.9a)

(/usr/share/texlive/texmf-dist/tex/generic/pgf/libraries/pgflibraryplothandlers
.code.tex
File: pgflibraryplothandlers.code.tex 2021/05/15 v3.1.9a (3.1.9a)
\pgf@plot@mark@count=\count334
\pgfplotmarksize=\dimen285
)
\tikz@lastx=\dimen286
\tikz@lasty=\dimen287
\tikz@lastxsaved=\dimen288
\tikz@lastysaved=\dimen289
\tikz@lastmovetox=\dimen290
\tikz@lastmovetoy=\dimen291
\tikzleveldistance=\dimen292
\tikzsiblingdistance=\dimen293
\tikz@figbox=\box79
\tikz@figbox@bg=\box80
\tikz@tempbox=\box81
\tikz@tempbox@bg=\box82
\tikztreelevel=\count335
\tikznumberofchildren=\count336
\tikznumberofcurrentchild=\count337
\tikz@fig@count=\count338

(/usr/share/texlive/texmf-dist/tex/generic/pgf/modules/pgfmodulematrix.code.tex
File: pgfmodulematrix.code.tex 2021/05/15 v3.1.9a (3.1.9a)
\pgfmatrixcurrentrow=\count339
\pgfmatrixcurrentcolumn=\count340
\pgf@matrix@numberofcolumns=\count341
)
\tikz@expandcount=\count342

(/usr/share/texlive/texmf-dist/tex/generic/pgf/frontendlayer/tikz/libraries/tik
zlibrarytopaths.code.tex
File: tikzlibrarytopaths.code.tex 2021/05/15 v3.1.9a (3.1.9a)
)))
\tcb@waterbox=\box83
(/usr/share/texlive/texmf-dist/tex/latex/tcolorbox/tcbskinsjigsaw.code.tex
Library (tcolorbox): 'tcbskinsjigsaw.code.tex' version '5.0.2'
)) (/usr/share/texlive/texmf-dist/tex/latex/tcolorbox/tcbbreakable.code.tex
Library (tcolorbox): 'tcbbreakable.code.tex' version '5.0.2'
(/usr/share/texlive/texmf-dist/tex/generic/oberdiek/pdfcol.sty
Package: pdfcol 2019/12/29 v1.6 Handle new color stacks for pdfTeX (HO)
(/usr/share/texlive/texmf-dist/tex/generic/infwarerr/infwarerr.sty
Package: infwarerr 2019/12/03 v1.5 Providing info/warning/error messages (HO)
)
Package pdfcol Info: Interface disabled because of missing PDF mode of pdfTeX.
)
Package pdfcol Info: pdfTeX's color stacks are not available.
\tcb@testbox=\box84
\tcb@totalupperbox=\box85
\tcb@totallowerbox=\box86
) (/usr/share/texlive/texmf-dist/tex/latex/tcolorbox/tcbhooks.code.tex
Library (tcolorbox): 'tcbhooks.code.tex' version '5.0.2'
) (/usr/share/texlive/texmf-dist/tex/latex/tcolorbox/tcbtheorems.code.tex
Library (tcolorbox): 'tcbtheorems.code.tex' version '5.0.2'
) (/usr/share/texlive/texmf-dist/tex/latex/tcolorbox/tcbfitting.code.tex
Library (tcolorbox): 'tcbfitting.code.tex' version '5.0.2'
\tcbfitdim=\dimen294
\tcb@lowerfitdim=\dimen295
\tcb@upperfitdim=\dimen296
\tcb@cur@hbadness=\count343
) (/usr/share/texlive/texmf-dist/tex/latex/tcolorbox/tcbxparse.code.tex
Library (tcolorbox): 'tcbxparse.code.tex' version '5.0.2'
)) (/usr/share/texlive/texmf-dist/tex/latex/bookmark/bookmark.sty
Package: bookmark 2020-11-06 v1.29 PDF bookmarks (HO)
(/usr/share/texlive/texmf-dist/tex/latex/hyperref/hyperref.sty
Package: hyperref 2021-06-07 v7.00m Hypertext links for LaTeX
(/usr/share/texlive/texmf-dist/tex/generic/pdftexcmds/pdftexcmds.sty
Package: pdftexcmds 2020-06-27 v0.33 Utility functions of pdfTeX for LuaTeX (HO
)
Package pdftexcmds Info: \pdf@primitive is available.
Package pdftexcmds Info: \pdf@ifprimitive is available.
Package pdftexcmds Info: \pdfdraftmode not found.
) (/usr/share/texlive/texmf-dist/tex/generic/kvdefinekeys/kvdefinekeys.sty
Package: kvdefinekeys 2019-12-19 v1.6 Define keys (HO)
) (/usr/share/texlive/texmf-dist/tex/generic/pdfescape/pdfescape.sty
Package: pdfescape 2019/12/09 v1.15 Implements pdfTeX's escape features (HO)
) (/usr/share/texlive/texmf-dist/tex/latex/hycolor/hycolor.sty
Package: hycolor 2020-01-27 v1.10 Color options for hyperref/bookmark (HO)
) (/usr/share/texlive/texmf-dist/tex/latex/letltxmacro/letltxmacro.sty
Package: letltxmacro 2019/12/03 v1.6 Let assignment for LaTeX macros (HO)
) (/usr/share/texlive/texmf-dist/tex/latex/auxhook/auxhook.sty
Package: auxhook 2019-12-17 v1.6 Hooks for auxiliary files (HO)
)
\@linkdim=\dimen297
\Hy@linkcounter=\count344
\Hy@pagecounter=\count345
(/usr/share/texlive/texmf-dist/tex/latex/hyperref/pd1enc.def
File: pd1enc.def 2021-06-07 v7.00m Hyperref: PDFDocEncoding definition (HO)
) (/usr/share/texlive/texmf-dist/tex/latex/hyperref/hyperref-langpatches.def
File: hyperref-langpatches.def 2021-06-07 v7.00m Hyperref: patches for babel la
nguages
) (/usr/share/texlive/texmf-dist/tex/generic/intcalc/intcalc.sty
Package: intcalc 2019/12/15 v1.3 Expandable calculations with integers (HO)
) (/usr/share/texlive/texmf-dist/tex/generic/etexcmds/etexcmds.sty
Package: etexcmds 2019/12/15 v1.7 Avoid name clashes with e-TeX commands (HO)
)
\Hy@SavedSpaceFactor=\count346
(/usr/share/texlive/texmf-dist/tex/latex/hyperref/puenc.def
File: puenc.def 2021-06-07 v7.00m Hyperref: PDF Unicode definition (HO)
)
Package hyperref Info: Option `unicode' set `true' on input line 4073.
Package hyperref Info: Hyper figures OFF on input line 4192.
Package hyperref Info: Link nesting OFF on input line 4197.
Package hyperref Info: Hyper index ON on input line 4200.
Package hyperref Info: Plain pages OFF on input line 4207.
Package hyperref Info: Backreferencing OFF on input line 4212.
Package hyperref Info: Implicit mode ON; LaTeX internals redefined.
Package hyperref Info: Bookmarks ON on input line 4445.
\c@Hy@tempcnt=\count347
(/usr/share/texlive/texmf-dist/tex/latex/url/url.sty
\Urlmuskip=\muskip18
Package: url 2013/09/16  ver 3.4  Verb mode for urls, etc.
)
LaTeX Info: Redefining \url on input line 4804.
\XeTeXLinkMargin=\dimen298
Requested font "pzdr" at 0.00002pt
 -> /usr/share/texlive/texmf-dist/fonts/tfm/adobe/zapfding/pzdr.tfm
(/usr/share/texlive/texmf-dist/tex/generic/bitset/bitset.sty
Package: bitset 2019/12/09 v1.3 Handle bit-vector datatype (HO)
(/usr/share/texlive/texmf-dist/tex/generic/bigintcalc/bigintcalc.sty
Package: bigintcalc 2019/12/15 v1.5 Expandable calculations on big integers (HO
)
))
\Fld@menulength=\count348
\Field@Width=\dimen299
\Fld@charsize=\dimen300
Package hyperref Info: Hyper figures OFF on input line 6076.
Package h